[0.594s] Invoking command in '/root/ros_workspace/src/slam_multi_robot': AMENT_PREFIX_PATH=/root/ros_workspace/install/dynamic_obstacle_detector:/root/ros_workspace/install/turtlebot3_gazebo:/root/ros_workspace/install/slam_multi_robot:/root/ros_workspace/install/obstacle_fusion:/root/ros_workspace/install/multi_robot_bringup:/root/ros_workspace/install/merging_pkg:/root/ros_workspace/install/dynamic_obstacle_detector_interfaces:/opt/ros/jazzy PYTHONPATH=/root/ros_workspace/build/slam_multi_robot/prefix_override:/usr/lib/python3/dist-packages/colcon_core/task/python/colcon_distutils_commands:/root/ros_workspace/install/slam_multi_robot/lib/python3.12/site-packages:/root/ros_workspace/install/dynamic_obstacle_detector/lib/python3.12/site-packages:/root/ros_workspace/install/slam_multi_robot/lib/python3.12/site-packages:/root/ros_workspace/install/obstacle_fusion/lib/python3.12/site-packages:/root/ros_workspace/install/multi_robot_bringup/lib/python3.12/site-packages:/root/ros_workspace/install/merging_pkg/lib/python3.12/site-packages:/root/ros_workspace/install/dynamic_obstacle_detector_interfaces/lib/python3.12/site-packages:/opt/ros/jazzy/lib/python3.12/site-packages /usr/bin/python3 -W ignore:setup.py install is deprecated -W ignore:easy_install command is deprecated setup.py egg_info --egg-base ../../build/slam_multi_robot build --build-base /root/ros_workspace/build/slam_multi_robot/build install --record /root/ros_workspace/build/slam_multi_robot/install.log --single-version-externally-managed install_data
[0.758s] running egg_info
[0.767s] writing ../../build/slam_multi_robot/slam_multi_robot.egg-info/PKG-INFO
[0.767s] writing dependency_links to ../../build/slam_multi_robot/slam_multi_robot.egg-info/dependency_links.txt
[0.767s] writing requirements to ../../build/slam_multi_robot/slam_multi_robot.egg-info/requires.txt
[0.767s] writing top-level names to ../../build/slam_multi_robot/slam_multi_robot.egg-info/top_level.txt
[0.786s] reading manifest file '../../build/slam_multi_robot/slam_multi_robot.egg-info/SOURCES.txt'
[0.786s] writing manifest file '../../build/slam_multi_robot/slam_multi_robot.egg-info/SOURCES.txt'
[0.787s] running build
[0.787s] running build_py
[0.787s] running install
[0.792s] running install_lib
[0.801s] running install_data
[0.801s] copying launch/general_bringup.launch.py -> /root/ros_workspace/install/slam_multi_robot/share/slam_multi_robot/launch
[0.801s] running install_egg_info
[0.811s] removing '/root/ros_workspace/install/slam_multi_robot/lib/python3.12/site-packages/slam_multi_robot-0.0.0-py3.12.egg-info' (and everything under it)
[0.811s] Copying ../../build/slam_multi_robot/slam_multi_robot.egg-info to /root/ros_workspace/install/slam_multi_robot/lib/python3.12/site-packages/slam_multi_robot-0.0.0-py3.12.egg-info
[0.813s] running install_scripts
[0.884s] writing list of installed files to '/root/ros_workspace/build/slam_multi_robot/install.log'
[0.909s] Invoked command in '/root/ros_workspace/src/slam_multi_robot' returned '0': AMENT_PREFIX_PATH=/root/ros_workspace/install/dynamic_obstacle_detector:/root/ros_workspace/install/turtlebot3_gazebo:/root/ros_workspace/install/slam_multi_robot:/root/ros_workspace/install/obstacle_fusion:/root/ros_workspace/install/multi_robot_bringup:/root/ros_workspace/install/merging_pkg:/root/ros_workspace/install/dynamic_obstacle_detector_interfaces:/opt/ros/jazzy PYTHONPATH=/root/ros_workspace/build/slam_multi_robot/prefix_override:/usr/lib/python3/dist-packages/colcon_core/task/python/colcon_distutils_commands:/root/ros_workspace/install/slam_multi_robot/lib/python3.12/site-packages:/root/ros_workspace/install/dynamic_obstacle_detector/lib/python3.12/site-packages:/root/ros_workspace/install/slam_multi_robot/lib/python3.12/site-packages:/root/ros_workspace/install/obstacle_fusion/lib/python3.12/site-packages:/root/ros_workspace/install/multi_robot_bringup/lib/python3.12/site-packages:/root/ros_workspace/install/merging_pkg/lib/python3.12/site-packages:/root/ros_workspace/install/dynamic_obstacle_detector_interfaces/lib/python3.12/site-packages:/opt/ros/jazzy/lib/python3.12/site-packages /usr/bin/python3 -W ignore:setup.py install is deprecated -W ignore:easy_install command is deprecated setup.py egg_info --egg-base ../../build/slam_multi_robot build --build-base /root/ros_workspace/build/slam_multi_robot/build install --record /root/ros_workspace/build/slam_multi_robot/install.log --single-version-externally-managed install_data
