[0.672s] Invoking command in '/root/ros_workspace/src/obstacle_fusion': AMENT_PREFIX_PATH=/root/ros_workspace/install/dynamic_obstacle_detector_interfaces:${AMENT_PREFIX_PATH} CMAKE_PREFIX_PATH=/root/ros_workspace/install/dynamic_obstacle_detector_interfaces:${CMAKE_PREFIX_PATH} LD_LIBRARY_PATH=/root/ros_workspace/install/dynamic_obstacle_detector_interfaces/lib:${LD_LIBRARY_PATH} PYTHONPATH=/root/ros_workspace/build/obstacle_fusion/prefix_override:/usr/lib/python3/dist-packages/colcon_core/task/python/colcon_distutils_commands:/root/ros_workspace/install/obstacle_fusion/lib/python3.12/site-packages:/root/ros_workspace/install/dynamic_obstacle_detector_interfaces/lib/python3.12/site-packages:${PYTHONPATH} /usr/bin/python3 -W ignore:setup.py install is deprecated -W ignore:easy_install command is deprecated setup.py egg_info --egg-base ../../build/obstacle_fusion build --build-base /root/ros_workspace/build/obstacle_fusion/build install --record /root/ros_workspace/build/obstacle_fusion/install.log --single-version-externally-managed install_data
[0.840s] running egg_info
[0.850s] writing ../../build/obstacle_fusion/obstacle_fusion.egg-info/PKG-INFO
[0.850s] writing dependency_links to ../../build/obstacle_fusion/obstacle_fusion.egg-info/dependency_links.txt
[0.850s] writing entry points to ../../build/obstacle_fusion/obstacle_fusion.egg-info/entry_points.txt
[0.850s] writing requirements to ../../build/obstacle_fusion/obstacle_fusion.egg-info/requires.txt
[0.850s] writing top-level names to ../../build/obstacle_fusion/obstacle_fusion.egg-info/top_level.txt
[0.873s] reading manifest file '../../build/obstacle_fusion/obstacle_fusion.egg-info/SOURCES.txt'
[0.874s] writing manifest file '../../build/obstacle_fusion/obstacle_fusion.egg-info/SOURCES.txt'
[0.874s] running build
[0.875s] running build_py
[0.875s] running install
[0.879s] running install_lib
[0.889s] running install_data
[0.890s] running install_egg_info
[0.901s] removing '/root/ros_workspace/install/obstacle_fusion/lib/python3.12/site-packages/obstacle_fusion-0.0.0-py3.12.egg-info' (and everything under it)
[0.901s] Copying ../../build/obstacle_fusion/obstacle_fusion.egg-info to /root/ros_workspace/install/obstacle_fusion/lib/python3.12/site-packages/obstacle_fusion-0.0.0-py3.12.egg-info
[0.903s] running install_scripts
[0.984s] Installing fusion_node script to /root/ros_workspace/install/obstacle_fusion/lib/obstacle_fusion
[0.985s] Installing prediction_to_costmap_node script to /root/ros_workspace/install/obstacle_fusion/lib/obstacle_fusion
[0.985s] writing list of installed files to '/root/ros_workspace/build/obstacle_fusion/install.log'
[1.008s] Invoked command in '/root/ros_workspace/src/obstacle_fusion' returned '0': AMENT_PREFIX_PATH=/root/ros_workspace/install/dynamic_obstacle_detector_interfaces:${AMENT_PREFIX_PATH} CMAKE_PREFIX_PATH=/root/ros_workspace/install/dynamic_obstacle_detector_interfaces:${CMAKE_PREFIX_PATH} LD_LIBRARY_PATH=/root/ros_workspace/install/dynamic_obstacle_detector_interfaces/lib:${LD_LIBRARY_PATH} PYTHONPATH=/root/ros_workspace/build/obstacle_fusion/prefix_override:/usr/lib/python3/dist-packages/colcon_core/task/python/colcon_distutils_commands:/root/ros_workspace/install/obstacle_fusion/lib/python3.12/site-packages:/root/ros_workspace/install/dynamic_obstacle_detector_interfaces/lib/python3.12/site-packages:${PYTHONPATH} /usr/bin/python3 -W ignore:setup.py install is deprecated -W ignore:easy_install command is deprecated setup.py egg_info --egg-base ../../build/obstacle_fusion build --build-base /root/ros_workspace/build/obstacle_fusion/build install --record /root/ros_workspace/build/obstacle_fusion/install.log --single-version-externally-managed install_data
