running egg_info
creating ../../build/obstacle_fusion/obstacle_fusion.egg-info
writing ../../build/obstacle_fusion/obstacle_fusion.egg-info/PKG-INFO
writing dependency_links to ../../build/obstacle_fusion/obstacle_fusion.egg-info/dependency_links.txt
writing entry points to ../../build/obstacle_fusion/obstacle_fusion.egg-info/entry_points.txt
writing requirements to ../../build/obstacle_fusion/obstacle_fusion.egg-info/requires.txt
writing top-level names to ../../build/obstacle_fusion/obstacle_fusion.egg-info/top_level.txt
writing manifest file '../../build/obstacle_fusion/obstacle_fusion.egg-info/SOURCES.txt'
reading manifest file '../../build/obstacle_fusion/obstacle_fusion.egg-info/SOURCES.txt'
writing manifest file '../../build/obstacle_fusion/obstacle_fusion.egg-info/SOURCES.txt'
running build
running build_py
creating /root/ros_workspace/build/obstacle_fusion/build
creating /root/ros_workspace/build/obstacle_fusion/build/lib
creating /root/ros_workspace/build/obstacle_fusion/build/lib/obstacle_fusion
copying obstacle_fusion/fusion_node.py -> /root/ros_workspace/build/obstacle_fusion/build/lib/obstacle_fusion
copying obstacle_fusion/__init__.py -> /root/ros_workspace/build/obstacle_fusion/build/lib/obstacle_fusion
running install
running install_lib
creating /root/ros_workspace/install/obstacle_fusion/lib/python3.12/site-packages/obstacle_fusion
copying /root/ros_workspace/build/obstacle_fusion/build/lib/obstacle_fusion/fusion_node.py -> /root/ros_workspace/install/obstacle_fusion/lib/python3.12/site-packages/obstacle_fusion
copying /root/ros_workspace/build/obstacle_fusion/build/lib/obstacle_fusion/__init__.py -> /root/ros_workspace/install/obstacle_fusion/lib/python3.12/site-packages/obstacle_fusion
byte-compiling /root/ros_workspace/install/obstacle_fusion/lib/python3.12/site-packages/obstacle_fusion/fusion_node.py to fusion_node.cpython-312.pyc
byte-compiling /root/ros_workspace/install/obstacle_fusion/lib/python3.12/site-packages/obstacle_fusion/__init__.py to __init__.cpython-312.pyc
running install_data
creating /root/ros_workspace/install/obstacle_fusion/share/ament_index
creating /root/ros_workspace/install/obstacle_fusion/share/ament_index/resource_index
creating /root/ros_workspace/install/obstacle_fusion/share/ament_index/resource_index/packages
copying resource/obstacle_fusion -> /root/ros_workspace/install/obstacle_fusion/share/ament_index/resource_index/packages
copying package.xml -> /root/ros_workspace/install/obstacle_fusion/share/obstacle_fusion
running install_egg_info
Copying ../../build/obstacle_fusion/obstacle_fusion.egg-info to /root/ros_workspace/install/obstacle_fusion/lib/python3.12/site-packages/obstacle_fusion-0.0.0-py3.12.egg-info
running install_scripts
Installing fusion_node script to /root/ros_workspace/install/obstacle_fusion/lib/obstacle_fusion
Installing prediction_to_costmap_node script to /root/ros_workspace/install/obstacle_fusion/lib/obstacle_fusion
writing list of installed files to '/root/ros_workspace/build/obstacle_fusion/install.log'
