running egg_info
creating ../../build/slam_multi_robot/slam_multi_robot.egg-info
writing ../../build/slam_multi_robot/slam_multi_robot.egg-info/PKG-INFO
writing dependency_links to ../../build/slam_multi_robot/slam_multi_robot.egg-info/dependency_links.txt
writing requirements to ../../build/slam_multi_robot/slam_multi_robot.egg-info/requires.txt
writing top-level names to ../../build/slam_multi_robot/slam_multi_robot.egg-info/top_level.txt
writing manifest file '../../build/slam_multi_robot/slam_multi_robot.egg-info/SOURCES.txt'
reading manifest file '../../build/slam_multi_robot/slam_multi_robot.egg-info/SOURCES.txt'
writing manifest file '../../build/slam_multi_robot/slam_multi_robot.egg-info/SOURCES.txt'
running build
running build_py
creating /root/ros_workspace/build/slam_multi_robot/build
creating /root/ros_workspace/build/slam_multi_robot/build/lib
creating /root/ros_workspace/build/slam_multi_robot/build/lib/multi_robot_scripts
copying multi_robot_scripts/__init__.py -> /root/ros_workspace/build/slam_multi_robot/build/lib/multi_robot_scripts
copying multi_robot_scripts/utils.py -> /root/ros_workspace/build/slam_multi_robot/build/lib/multi_robot_scripts
creating /root/ros_workspace/build/slam_multi_robot/build/lib/slam_multi_robot
copying slam_multi_robot/__init__.py -> /root/ros_workspace/build/slam_multi_robot/build/lib/slam_multi_robot
running install
running install_lib
creating /root/ros_workspace/install/slam_multi_robot/lib/python3.12/site-packages/multi_robot_scripts
copying /root/ros_workspace/build/slam_multi_robot/build/lib/multi_robot_scripts/__init__.py -> /root/ros_workspace/install/slam_multi_robot/lib/python3.12/site-packages/multi_robot_scripts
copying /root/ros_workspace/build/slam_multi_robot/build/lib/multi_robot_scripts/utils.py -> /root/ros_workspace/install/slam_multi_robot/lib/python3.12/site-packages/multi_robot_scripts
creating /root/ros_workspace/install/slam_multi_robot/lib/python3.12/site-packages/slam_multi_robot
copying /root/ros_workspace/build/slam_multi_robot/build/lib/slam_multi_robot/__init__.py -> /root/ros_workspace/install/slam_multi_robot/lib/python3.12/site-packages/slam_multi_robot
byte-compiling /root/ros_workspace/install/slam_multi_robot/lib/python3.12/site-packages/multi_robot_scripts/__init__.py to __init__.cpython-312.pyc
byte-compiling /root/ros_workspace/install/slam_multi_robot/lib/python3.12/site-packages/multi_robot_scripts/utils.py to utils.cpython-312.pyc
byte-compiling /root/ros_workspace/install/slam_multi_robot/lib/python3.12/site-packages/slam_multi_robot/__init__.py to __init__.cpython-312.pyc
running install_data
creating /root/ros_workspace/install/slam_multi_robot/share/ament_index
creating /root/ros_workspace/install/slam_multi_robot/share/ament_index/resource_index
creating /root/ros_workspace/install/slam_multi_robot/share/ament_index/resource_index/packages
copying resource/slam_multi_robot -> /root/ros_workspace/install/slam_multi_robot/share/ament_index/resource_index/packages
copying package.xml -> /root/ros_workspace/install/slam_multi_robot/share/slam_multi_robot
creating /root/ros_workspace/install/slam_multi_robot/share/slam_multi_robot/launch
copying launch/navigation.launch.py -> /root/ros_workspace/install/slam_multi_robot/share/slam_multi_robot/launch
copying launch/general_bringup.launch.py -> /root/ros_workspace/install/slam_multi_robot/share/slam_multi_robot/launch
copying launch/gazebo_world.launch.py -> /root/ros_workspace/install/slam_multi_robot/share/slam_multi_robot/launch
copying launch/static_transform.launch.py -> /root/ros_workspace/install/slam_multi_robot/share/slam_multi_robot/launch
copying launch/slam_bringup.launch.py -> /root/ros_workspace/install/slam_multi_robot/share/slam_multi_robot/launch
creating /root/ros_workspace/install/slam_multi_robot/share/slam_multi_robot/params
copying params/params_nav2.yaml -> /root/ros_workspace/install/slam_multi_robot/share/slam_multi_robot/params
copying params/slam_params.yaml -> /root/ros_workspace/install/slam_multi_robot/share/slam_multi_robot/params
creating /root/ros_workspace/install/slam_multi_robot/share/slam_multi_robot/rviz
copying rviz/tb3_navigation2.rviz -> /root/ros_workspace/install/slam_multi_robot/share/slam_multi_robot/rviz
creating /root/ros_workspace/install/slam_multi_robot/share/slam_multi_robot/config
copying config/robots.yaml -> /root/ros_workspace/install/slam_multi_robot/share/slam_multi_robot/config
copying config/gz_bridge.yaml -> /root/ros_workspace/install/slam_multi_robot/share/slam_multi_robot/config
creating /root/ros_workspace/install/slam_multi_robot/share/slam_multi_robot/map
creating /root/ros_workspace/install/slam_multi_robot/share/slam_multi_robot/launch/nav2_custom
running install_egg_info
Copying ../../build/slam_multi_robot/slam_multi_robot.egg-info to /root/ros_workspace/install/slam_multi_robot/lib/python3.12/site-packages/slam_multi_robot-0.0.0-py3.12.egg-info
running install_scripts
writing list of installed files to '/root/ros_workspace/build/slam_multi_robot/install.log'
