[0.656s] Invoking command in '/root/ros_workspace/src/slam_multi_robot': AMENT_PREFIX_PATH=/root/ros_workspace/install/dynamic_obstacle_detector:/root/ros_workspace/install/turtlebot3_gazebo:/root/ros_workspace/install/slam_multi_robot:/root/ros_workspace/install/obstacle_fusion:/root/ros_workspace/install/multi_robot_bringup:/root/ros_workspace/install/merging_pkg:/root/ros_workspace/install/dynamic_obstacle_detector_interfaces:/opt/ros/jazzy PYTHONPATH=/root/ros_workspace/build/slam_multi_robot/prefix_override:/usr/lib/python3/dist-packages/colcon_core/task/python/colcon_distutils_commands:/root/ros_workspace/install/slam_multi_robot/lib/python3.12/site-packages:/root/ros_workspace/install/dynamic_obstacle_detector/lib/python3.12/site-packages:/root/ros_workspace/install/slam_multi_robot/lib/python3.12/site-packages:/root/ros_workspace/install/obstacle_fusion/lib/python3.12/site-packages:/root/ros_workspace/install/multi_robot_bringup/lib/python3.12/site-packages:/root/ros_workspace/install/merging_pkg/lib/python3.12/site-packages:/root/ros_workspace/install/dynamic_obstacle_detector_interfaces/lib/python3.12/site-packages:/opt/ros/jazzy/lib/python3.12/site-packages /usr/bin/python3 -W ignore:setup.py install is deprecated -W ignore:easy_install command is deprecated setup.py egg_info --egg-base ../../build/slam_multi_robot build --build-base /root/ros_workspace/build/slam_multi_robot/build install --record /root/ros_workspace/build/slam_multi_robot/install.log --single-version-externally-managed install_data
[0.821s] running egg_info
[0.822s] creating ../../build/slam_multi_robot/slam_multi_robot.egg-info
[0.831s] writing ../../build/slam_multi_robot/slam_multi_robot.egg-info/PKG-INFO
[0.832s] writing dependency_links to ../../build/slam_multi_robot/slam_multi_robot.egg-info/dependency_links.txt
[0.832s] writing requirements to ../../build/slam_multi_robot/slam_multi_robot.egg-info/requires.txt
[0.832s] writing top-level names to ../../build/slam_multi_robot/slam_multi_robot.egg-info/top_level.txt
[0.832s] writing manifest file '../../build/slam_multi_robot/slam_multi_robot.egg-info/SOURCES.txt'
[0.852s] reading manifest file '../../build/slam_multi_robot/slam_multi_robot.egg-info/SOURCES.txt'
[0.852s] writing manifest file '../../build/slam_multi_robot/slam_multi_robot.egg-info/SOURCES.txt'
[0.853s] running build
[0.853s] running build_py
[0.853s] creating /root/ros_workspace/build/slam_multi_robot/build
[0.853s] creating /root/ros_workspace/build/slam_multi_robot/build/lib
[0.853s] creating /root/ros_workspace/build/slam_multi_robot/build/lib/multi_robot_scripts
[0.853s] copying multi_robot_scripts/__init__.py -> /root/ros_workspace/build/slam_multi_robot/build/lib/multi_robot_scripts
[0.853s] copying multi_robot_scripts/utils.py -> /root/ros_workspace/build/slam_multi_robot/build/lib/multi_robot_scripts
[0.853s] creating /root/ros_workspace/build/slam_multi_robot/build/lib/slam_multi_robot
[0.853s] copying slam_multi_robot/__init__.py -> /root/ros_workspace/build/slam_multi_robot/build/lib/slam_multi_robot
[0.853s] running install
[0.857s] running install_lib
[0.868s] creating /root/ros_workspace/install/slam_multi_robot/lib/python3.12/site-packages/multi_robot_scripts
[0.868s] copying /root/ros_workspace/build/slam_multi_robot/build/lib/multi_robot_scripts/__init__.py -> /root/ros_workspace/install/slam_multi_robot/lib/python3.12/site-packages/multi_robot_scripts
[0.868s] copying /root/ros_workspace/build/slam_multi_robot/build/lib/multi_robot_scripts/utils.py -> /root/ros_workspace/install/slam_multi_robot/lib/python3.12/site-packages/multi_robot_scripts
[0.869s] creating /root/ros_workspace/install/slam_multi_robot/lib/python3.12/site-packages/slam_multi_robot
[0.869s] copying /root/ros_workspace/build/slam_multi_robot/build/lib/slam_multi_robot/__init__.py -> /root/ros_workspace/install/slam_multi_robot/lib/python3.12/site-packages/slam_multi_robot
[0.869s] byte-compiling /root/ros_workspace/install/slam_multi_robot/lib/python3.12/site-packages/multi_robot_scripts/__init__.py to __init__.cpython-312.pyc
[0.870s] byte-compiling /root/ros_workspace/install/slam_multi_robot/lib/python3.12/site-packages/multi_robot_scripts/utils.py to utils.cpython-312.pyc
[0.871s] byte-compiling /root/ros_workspace/install/slam_multi_robot/lib/python3.12/site-packages/slam_multi_robot/__init__.py to __init__.cpython-312.pyc
[0.872s] running install_data
[0.872s] creating /root/ros_workspace/install/slam_multi_robot/share/ament_index
[0.872s] creating /root/ros_workspace/install/slam_multi_robot/share/ament_index/resource_index
[0.872s] creating /root/ros_workspace/install/slam_multi_robot/share/ament_index/resource_index/packages
[0.873s] copying resource/slam_multi_robot -> /root/ros_workspace/install/slam_multi_robot/share/ament_index/resource_index/packages
[0.873s] copying package.xml -> /root/ros_workspace/install/slam_multi_robot/share/slam_multi_robot
[0.873s] creating /root/ros_workspace/install/slam_multi_robot/share/slam_multi_robot/launch
[0.874s] copying launch/navigation.launch.py -> /root/ros_workspace/install/slam_multi_robot/share/slam_multi_robot/launch
[0.874s] copying launch/general_bringup.launch.py -> /root/ros_workspace/install/slam_multi_robot/share/slam_multi_robot/launch
[0.874s] copying launch/gazebo_world.launch.py -> /root/ros_workspace/install/slam_multi_robot/share/slam_multi_robot/launch
[0.875s] copying launch/static_transform.launch.py -> /root/ros_workspace/install/slam_multi_robot/share/slam_multi_robot/launch
[0.875s] copying launch/slam_bringup.launch.py -> /root/ros_workspace/install/slam_multi_robot/share/slam_multi_robot/launch
[0.875s] creating /root/ros_workspace/install/slam_multi_robot/share/slam_multi_robot/params
[0.876s] copying params/params_nav2.yaml -> /root/ros_workspace/install/slam_multi_robot/share/slam_multi_robot/params
[0.876s] copying params/slam_params.yaml -> /root/ros_workspace/install/slam_multi_robot/share/slam_multi_robot/params
[0.876s] creating /root/ros_workspace/install/slam_multi_robot/share/slam_multi_robot/rviz
[0.876s] copying rviz/tb3_navigation2.rviz -> /root/ros_workspace/install/slam_multi_robot/share/slam_multi_robot/rviz
[0.877s] creating /root/ros_workspace/install/slam_multi_robot/share/slam_multi_robot/config
[0.877s] copying config/robots.yaml -> /root/ros_workspace/install/slam_multi_robot/share/slam_multi_robot/config
[0.878s] copying config/gz_bridge.yaml -> /root/ros_workspace/install/slam_multi_robot/share/slam_multi_robot/config
[0.878s] creating /root/ros_workspace/install/slam_multi_robot/share/slam_multi_robot/map
[0.878s] creating /root/ros_workspace/install/slam_multi_robot/share/slam_multi_robot/launch/nav2_custom
[0.878s] running install_egg_info
[0.889s] Copying ../../build/slam_multi_robot/slam_multi_robot.egg-info to /root/ros_workspace/install/slam_multi_robot/lib/python3.12/site-packages/slam_multi_robot-0.0.0-py3.12.egg-info
[0.889s] running install_scripts
[0.968s] writing list of installed files to '/root/ros_workspace/build/slam_multi_robot/install.log'
[0.994s] Invoked command in '/root/ros_workspace/src/slam_multi_robot' returned '0': AMENT_PREFIX_PATH=/root/ros_workspace/install/dynamic_obstacle_detector:/root/ros_workspace/install/turtlebot3_gazebo:/root/ros_workspace/install/slam_multi_robot:/root/ros_workspace/install/obstacle_fusion:/root/ros_workspace/install/multi_robot_bringup:/root/ros_workspace/install/merging_pkg:/root/ros_workspace/install/dynamic_obstacle_detector_interfaces:/opt/ros/jazzy PYTHONPATH=/root/ros_workspace/build/slam_multi_robot/prefix_override:/usr/lib/python3/dist-packages/colcon_core/task/python/colcon_distutils_commands:/root/ros_workspace/install/slam_multi_robot/lib/python3.12/site-packages:/root/ros_workspace/install/dynamic_obstacle_detector/lib/python3.12/site-packages:/root/ros_workspace/install/slam_multi_robot/lib/python3.12/site-packages:/root/ros_workspace/install/obstacle_fusion/lib/python3.12/site-packages:/root/ros_workspace/install/multi_robot_bringup/lib/python3.12/site-packages:/root/ros_workspace/install/merging_pkg/lib/python3.12/site-packages:/root/ros_workspace/install/dynamic_obstacle_detector_interfaces/lib/python3.12/site-packages:/opt/ros/jazzy/lib/python3.12/site-packages /usr/bin/python3 -W ignore:setup.py install is deprecated -W ignore:easy_install command is deprecated setup.py egg_info --egg-base ../../build/slam_multi_robot build --build-base /root/ros_workspace/build/slam_multi_robot/build install --record /root/ros_workspace/build/slam_multi_robot/install.log --single-version-externally-managed install_data
