[0.317s] Invoking command in '/root/ros_workspace/build/turtlebot3_gazebo': CMAKE_PREFIX_PATH=${CMAKE_PREFIX_PATH}:/root/ros_workspace/install/slam_multi_robot:/root/ros_workspace/install/obstacle_fusion:/root/ros_workspace/install/multi_robot_bringup:/root/ros_workspace/install/merging_pkg:/root/ros_workspace/install/dynamic_obstacle_detector:/opt/ros/jazzy /usr/bin/cmake /root/ros_workspace/src/turtlebot3_gazebo -DCMAKE_INSTALL_PREFIX=/root/ros_workspace/install/turtlebot3_gazebo
[0.384s] -- The C compiler identification is GNU 13.3.0
[0.503s] -- The CXX compiler identification is GNU 13.3.0
[0.528s] -- Detecting C compiler ABI info
[0.620s] -- Detecting C compiler ABI info - done
[0.626s] -- Check for working C compiler: /usr/bin/cc - skipped
[0.627s] -- Detecting C compile features
[0.627s] -- Detecting C compile features - done
[0.636s] -- Detecting CXX compiler ABI info
[0.719s] -- Detecting CXX compiler ABI info - done
[0.726s] -- Check for working CXX compiler: /usr/bin/c++ - skipped
[0.726s] -- Detecting CXX compile features
[0.727s] -- Detecting CXX compile features - done
[0.760s] -- Found ament_cmake: 2.5.4 (/opt/ros/jazzy/share/ament_cmake/cmake)
[0.905s] -- Found Python3: /usr/bin/python3 (found version "3.12.3") found components: Interpreter 
[1.052s] -- Found ros_gz_sim: 1.0.16 (/opt/ros/jazzy/share/ros_gz_sim/cmake)
[1.135s] -- Found rosidl_generator_c: 4.6.6 (/opt/ros/jazzy/share/rosidl_generator_c/cmake)
[1.150s] -- Found rosidl_generator_cpp: 4.6.6 (/opt/ros/jazzy/share/rosidl_generator_cpp/cmake)
[1.177s] -- Using all available rosidl_typesupport_c: rosidl_typesupport_fastrtps_c;rosidl_typesupport_introspection_c
[1.196s] -- Using all available rosidl_typesupport_cpp: rosidl_typesupport_fastrtps_cpp;rosidl_typesupport_introspection_cpp
[1.318s] -- Found rmw_implementation_cmake: 7.3.2 (/opt/ros/jazzy/share/rmw_implementation_cmake/cmake)
[1.325s] -- Found rmw_fastrtps_cpp: 8.4.3 (/opt/ros/jazzy/share/rmw_fastrtps_cpp/cmake)
[1.426s] -- Found OpenSSL: /usr/lib/x86_64-linux-gnu/libcrypto.so (found version "3.0.13")  
[1.450s] -- Found FastRTPS: /opt/ros/jazzy/include (Required is at least version "2.13") 
[1.469s] -- Using RMW implementation 'rmw_fastrtps_cpp' as default
[1.796s] -- Found nav_msgs: 5.3.6 (/opt/ros/jazzy/share/nav_msgs/cmake)
[1.827s] -- Found sensor_msgs: 5.3.6 (/opt/ros/jazzy/share/sensor_msgs/cmake)
[1.858s] -- Found gz_math_vendor: 0.0.8 (/opt/ros/jazzy/share/gz_math_vendor/cmake)
[1.878s] -- Looking for gz-math7 -- found version 7.5.2
[1.895s] -- Searching for dependencies of gz-math7
[1.898s] -- Looking for gz-utils2 -- found version 2.2.1
[1.898s] -- Searching for dependencies of gz-utils2
[1.905s] -- Found gz_sim_vendor: 0.0.8 (/opt/ros/jazzy/share/gz_sim_vendor/cmake)
[1.991s] -- Looking for gz-sim8 -- found version 8.9.0
[1.992s] -- Searching for dependencies of gz-sim8
[1.995s] -- Looking for sdformat14 -- found version 14.8.0
[1.995s] -- Searching for dependencies of sdformat14
[2.001s] -- Checking for module 'tinyxml2'
[2.015s] --   Found tinyxml2, version 10.0.0
[2.045s] -- Looking for gz-math7 -- found version 7.5.2
[2.045s] -- Looking for gz-utils2 -- found version 2.2.1
[2.045s] -- Searching for dependencies of gz-utils2
[2.045s] -- Searching for <gz-utils2> component [cli]
[2.049s] -- Looking for gz-utils2-cli -- found version 2.2.1
[2.049s] -- Searching for dependencies of gz-utils2-cli
[2.054s] -- Looking for gz-plugin2 -- found version 2.0.4
[2.055s] -- Searching for dependencies of gz-plugin2
[2.055s] -- Looking for gz-utils2 -- found version 2.2.1
[2.056s] -- Searching for <gz-plugin2> component [loader]
[2.059s] -- Looking for gz-plugin2-loader -- found version 2.0.4
[2.059s] -- Searching for dependencies of gz-plugin2-loader
[2.060s] -- Searching for <gz-plugin2> component [register]
[2.063s] -- Looking for gz-plugin2-register -- found version 2.0.4
[2.063s] -- Searching for dependencies of gz-plugin2-register
[2.067s] -- Looking for gz-transport13 -- found version 13.4.1
[2.067s] -- Searching for dependencies of gz-transport13
[2.204s] -- Found Protobuf: /usr/lib/x86_64-linux-gnu/libprotobuf.so (found version "3.21.12") 
[2.218s] -- Config-file not installed for ZeroMQ -- checking for pkg-config
[2.222s] -- Checking for module 'libzmq >= 4'
[2.238s] --   Found libzmq, version 4.3.5
[2.278s] -- Found ZeroMQ: TRUE (Required is at least version "4") 
[2.283s] -- Checking for module 'uuid'
[2.296s] --   Found uuid, version 2.39.3
[2.323s] -- Found UUID: TRUE  
[2.323s] -- Looking for gz-utils2 -- found version 2.2.1
[2.327s] -- Looking for gz-msgs10 -- found version 10.3.2
[2.327s] -- Searching for dependencies of gz-msgs10
[2.346s] -- Looking for gz-utils2 -- found version 2.2.1
[2.347s] -- Looking for gz-math7 -- found version 7.5.2
[2.356s] -- Searching for <gz-transport13> component [log]
[2.359s] -- Looking for gz-transport13-log -- found version 13.4.1
[2.359s] -- Searching for dependencies of gz-transport13-log
[2.361s] -- Searching for <gz-transport13> component [parameters]
[2.363s] -- Looking for gz-transport13-parameters -- found version 13.4.1
[2.363s] -- Searching for dependencies of gz-transport13-parameters
[2.365s] -- Looking for gz-msgs10 -- found version 10.3.2
[2.367s] -- Looking for gz-common5 -- found version 5.7.1
[2.368s] -- Searching for dependencies of gz-common5
[2.368s] -- Looking for gz-utils2 -- found version 2.2.1
[2.369s] -- Looking for dlfcn.h - found
[2.370s] -- Looking for libdl - found
[2.371s] -- Found DL: TRUE  
[2.377s] -- Searching for <gz-common5> component [av]
[2.380s] -- Looking for gz-common5-av -- found version 5.7.1
[2.380s] -- Searching for dependencies of gz-common5-av
[2.385s] -- Checking for module 'libswscale'
[2.398s] --   Found libswscale, version 7.5.100
[2.425s] -- Found SWSCALE: TRUE  
[2.430s] -- Checking for module 'libavdevice >= 56.4.100'
[2.442s] --   Found libavdevice, version 60.3.100
[2.480s] -- Found AVDEVICE: TRUE (Required is at least version "56.4.100") 
[2.484s] -- Checking for module 'libavformat'
[2.495s] --   Found libavformat, version 60.16.100
[2.524s] -- Found AVFORMAT: TRUE  
[2.528s] -- Checking for module 'libavcodec'
[2.541s] --   Found libavcodec, version 60.31.102
[2.571s] -- Found AVCODEC: TRUE  
[2.575s] -- Checking for module 'libavutil'
[2.587s] --   Found libavutil, version 58.29.100
[2.614s] -- Found AVUTIL: TRUE  
[2.615s] -- Searching for <gz-common5> component [events]
[2.618s] -- Looking for gz-common5-events -- found version 5.7.1
[2.618s] -- Searching for dependencies of gz-common5-events
[2.618s] -- Looking for gz-math7 -- found version 7.5.2
[2.620s] -- Searching for <gz-common5> component [graphics]
[2.622s] -- Looking for gz-common5-graphics -- found version 5.7.1
[2.623s] -- Searching for dependencies of gz-common5-graphics
[2.623s] -- Looking for gz-math7 -- found version 7.5.2
[2.630s] -- Found GzAssimp: TRUE (found version "5.3.0") 
[2.632s] -- Searching for <gz-common5> component [io]
[2.634s] -- Looking for gz-common5-io -- found version 5.7.1
[2.634s] -- Searching for dependencies of gz-common5-io
[2.636s] -- Searching for <gz-common5> component [profiler]
[2.638s] -- Looking for gz-common5-profiler -- found version 5.7.1
[2.638s] -- Searching for dependencies of gz-common5-profiler
[2.643s] -- Looking for gz-fuel_tools9 -- found version 9.1.1
[2.643s] -- Searching for dependencies of gz-fuel_tools9
[2.713s] -- Found CURL: /usr/lib/x86_64-linux-gnu/libcurl.so (found version "8.5.0")  
[2.724s] -- Checking for module 'jsoncpp'
[2.737s] --   Found jsoncpp, version 1.9.5
[2.765s] -- Found JSONCPP: TRUE  
[2.782s] -- Checking for module 'yaml-0.1'
[2.794s] --   Found yaml-0.1, version 0.2.5
[2.819s] -- Found YAML: TRUE  
[2.824s] -- Checking for module 'libzip'
[2.837s] --   Found libzip, version 1.7.3
[2.864s] -- Found ZIP: TRUE  
[2.864s] -- Looking for gz-utils2 -- found version 2.2.1
[2.865s] -- Looking for gz-common5 -- found version 5.7.1
[2.865s] -- Searching for dependencies of gz-common5
[2.865s] -- Looking for gz-utils2 -- found version 2.2.1
[2.865s] -- Looking for dlfcn.h - found
[2.865s] -- Looking for libdl - found
[2.871s] -- Searching for <gz-common5> component [testing]
[2.874s] -- Looking for gz-common5-testing -- found version 5.7.1
[2.874s] -- Searching for dependencies of gz-common5-testing
[2.876s] -- Looking for gz-math7 -- found version 7.5.2
[2.876s] -- Looking for gz-msgs10 -- found version 10.3.2
[2.880s] -- Looking for gz-gui8 -- found version 8.4.0
[2.880s] -- Searching for dependencies of gz-gui8
[2.903s] -- Looking for gz-utils2 -- found version 2.2.1
[2.903s] -- Looking for gz-math7 -- found version 7.5.2
[2.903s] -- Looking for gz-common5 -- found version 5.7.1
[2.904s] -- Looking for gz-plugin2 -- found version 2.0.4
[2.904s] -- Looking for gz-transport13 -- found version 13.4.1
[2.907s] -- Looking for gz-rendering8 -- found version 8.2.2
[2.907s] -- Searching for dependencies of gz-rendering8
[2.907s] -- Looking for gz-math7 -- found version 7.5.2
[2.907s] -- Searching for dependencies of gz-math7
[2.908s] -- Looking for gz-utils2 -- found version 2.2.1
[2.908s] -- Searching for <gz-math7> component [eigen3]
[2.911s] -- Looking for gz-math7-eigen3 -- found version 7.5.2
[2.911s] -- Searching for dependencies of gz-math7-eigen3
[2.923s] -- Looking for gz-common5 -- found version 5.7.1
[2.923s] -- Searching for dependencies of gz-common5
[2.923s] -- Looking for gz-utils2 -- found version 2.2.1
[2.924s] -- Looking for dlfcn.h - found
[2.924s] -- Looking for libdl - found
[2.930s] -- Searching for <gz-common5> component [graphics]
[2.930s] -- Searching for <gz-common5> component [events]
[2.930s] -- Searching for <gz-common5> component [geospatial]
[2.932s] -- Looking for gz-common5-geospatial -- found version 5.7.1
[2.932s] -- Searching for dependencies of gz-common5-geospatial
[2.933s] -- Looking for gz-math7 -- found version 7.5.2
[2.933s] -- Looking for gz-common5 -- found version 5.7.1
[2.935s] -- Looking for gz-plugin2 -- found version 2.0.4
[2.935s] -- Searching for dependencies of gz-plugin2
[2.935s] -- Looking for gz-utils2 -- found version 2.2.1
[2.936s] -- Searching for <gz-plugin2> component [all]
[2.938s] -- Looking for all libraries of gz-plugin2 -- found version 2.0.4
[2.938s] -- Looking for gz-plugin2 -- found version 2.0.4
[2.940s] -- Looking for gz-utils2 -- found version 2.2.1
[2.951s] -- Found OpenGL: /usr/lib/x86_64-linux-gnu/libOpenGL.so  found components: OpenGL 
[2.953s] -- Looking for gz-msgs10 -- found version 10.3.2
[2.990s] -- Looking for gz-physics7 -- found version 7.5.0
[2.990s] -- Searching for dependencies of gz-physics7
[2.990s] -- Looking for gz-common5 -- found version 5.7.1
[2.990s] -- Looking for gz-math7 -- found version 7.5.2
[2.991s] -- Looking for gz-plugin2 -- found version 2.0.4
[2.991s] -- Looking for gz-utils2 -- found version 2.2.1
[2.993s] -- Searching for <gz-physics7> component [heightmap]
[2.995s] -- Looking for gz-physics7-heightmap -- found version 7.5.0
[2.995s] -- Searching for dependencies of gz-physics7-heightmap
[2.995s] -- Looking for gz-common5 -- found version 5.7.1
[2.996s] -- Searching for <gz-physics7> component [mesh]
[2.998s] -- Looking for gz-physics7-mesh -- found version 7.5.0
[2.998s] -- Searching for dependencies of gz-physics7-mesh
[2.999s] -- Looking for gz-common5 -- found version 5.7.1
[3.000s] -- Searching for <gz-physics7> component [sdf]
[3.002s] -- Looking for gz-physics7-sdf -- found version 7.5.0
[3.002s] -- Searching for dependencies of gz-physics7-sdf
[3.002s] -- Looking for sdformat14 -- found version 14.8.0
[3.006s] -- Looking for gz-sensors8 -- found version 8.2.2
[3.007s] -- Searching for dependencies of gz-sensors8
[3.025s] -- Looking for gz-math7 -- found version 7.5.2
[3.026s] -- Looking for gz-common5 -- found version 5.7.1
[3.026s] -- Looking for gz-transport13 -- found version 13.4.1
[3.026s] -- Looking for gz-rendering8 -- found version 8.2.2
[3.027s] -- Looking for gz-msgs10 -- found version 10.3.2
[3.027s] -- Looking for sdformat14 -- found version 14.8.0
[3.029s] -- Searching for <gz-sensors8> component [air_pressure]
[3.031s] -- Looking for gz-sensors8-air_pressure -- found version 8.2.2
[3.031s] -- Searching for dependencies of gz-sensors8-air_pressure
[3.032s] -- Searching for <gz-sensors8> component [air_speed]
[3.034s] -- Looking for gz-sensors8-air_speed -- found version 8.2.2
[3.034s] -- Searching for dependencies of gz-sensors8-air_speed
[3.036s] -- Searching for <gz-sensors8> component [altimeter]
[3.038s] -- Looking for gz-sensors8-altimeter -- found version 8.2.2
[3.038s] -- Searching for dependencies of gz-sensors8-altimeter
[3.039s] -- Searching for <gz-sensors8> component [imu]
[3.042s] -- Looking for gz-sensors8-imu -- found version 8.2.2
[3.042s] -- Searching for dependencies of gz-sensors8-imu
[3.044s] -- Searching for <gz-sensors8> component [force_torque]
[3.046s] -- Looking for gz-sensors8-force_torque -- found version 8.2.2
[3.046s] -- Searching for dependencies of gz-sensors8-force_torque
[3.047s] -- Searching for <gz-sensors8> component [logical_camera]
[3.049s] -- Looking for gz-sensors8-logical_camera -- found version 8.2.2
[3.049s] -- Searching for dependencies of gz-sensors8-logical_camera
[3.051s] -- Searching for <gz-sensors8> component [magnetometer]
[3.053s] -- Looking for gz-sensors8-magnetometer -- found version 8.2.2
[3.053s] -- Searching for dependencies of gz-sensors8-magnetometer
[3.054s] -- Searching for <gz-sensors8> component [navsat]
[3.057s] -- Looking for gz-sensors8-navsat -- found version 8.2.2
[3.057s] -- Searching for dependencies of gz-sensors8-navsat
[3.059s] -- Searching for <gz-sensors8> component [dvl]
[3.061s] -- Looking for gz-sensors8-dvl -- found version 8.2.2
[3.061s] -- Searching for dependencies of gz-sensors8-dvl
[3.062s] -- Looking for gz-sensors8 -- found version 8.2.2
[3.062s] -- Searching for dependencies of gz-sensors8
[3.081s] -- Looking for gz-math7 -- found version 7.5.2
[3.081s] -- Looking for gz-common5 -- found version 5.7.1
[3.082s] -- Looking for gz-transport13 -- found version 13.4.1
[3.082s] -- Looking for gz-rendering8 -- found version 8.2.2
[3.082s] -- Looking for gz-msgs10 -- found version 10.3.2
[3.083s] -- Looking for sdformat14 -- found version 14.8.0
[3.083s] -- Searching for <gz-sensors8> component [rendering]
[3.085s] -- Looking for gz-sensors8-rendering -- found version 8.2.2
[3.085s] -- Searching for dependencies of gz-sensors8-rendering
[3.088s] -- Searching for <gz-sensors8> component [rendering]
[3.088s] -- Searching for <gz-sensors8> component [lidar]
[3.090s] -- Looking for gz-sensors8-lidar -- found version 8.2.2
[3.090s] -- Searching for dependencies of gz-sensors8-lidar
[3.090s] -- Looking for gz-sensors8 -- found version 8.2.2
[3.092s] -- Searching for <gz-sensors8> component [gpu_lidar]
[3.093s] -- Looking for gz-sensors8-gpu_lidar -- found version 8.2.2
[3.094s] -- Searching for dependencies of gz-sensors8-gpu_lidar
[3.094s] -- Looking for gz-sensors8 -- found version 8.2.2
[3.095s] -- Searching for <gz-sensors8> component [camera]
[3.097s] -- Looking for gz-sensors8-camera -- found version 8.2.2
[3.097s] -- Searching for dependencies of gz-sensors8-camera
[3.097s] -- Looking for gz-sensors8 -- found version 8.2.2
[3.099s] -- Searching for <gz-sensors8> component [boundingbox_camera]
[3.101s] -- Looking for gz-sensors8-boundingbox_camera -- found version 8.2.2
[3.101s] -- Searching for dependencies of gz-sensors8-boundingbox_camera
[3.102s] -- Searching for <gz-sensors8> component [segmentation_camera]
[3.104s] -- Looking for gz-sensors8-segmentation_camera -- found version 8.2.2
[3.104s] -- Searching for dependencies of gz-sensors8-segmentation_camera
[3.106s] -- Searching for <gz-sensors8> component [depth_camera]
[3.109s] -- Looking for gz-sensors8-depth_camera -- found version 8.2.2
[3.109s] -- Searching for dependencies of gz-sensors8-depth_camera
[3.109s] -- Looking for gz-sensors8 -- found version 8.2.2
[3.110s] -- Searching for <gz-sensors8> component [rgbd_camera]
[3.112s] -- Looking for gz-sensors8-rgbd_camera -- found version 8.2.2
[3.113s] -- Searching for dependencies of gz-sensors8-rgbd_camera
[3.113s] -- Looking for gz-sensors8 -- found version 8.2.2
[3.115s] -- Searching for <gz-sensors8> component [thermal_camera]
[3.116s] -- Looking for gz-sensors8-thermal_camera -- found version 8.2.2
[3.117s] -- Searching for dependencies of gz-sensors8-thermal_camera
[3.117s] -- Looking for gz-sensors8 -- found version 8.2.2
[3.118s] -- Searching for <gz-sensors8> component [wide_angle_camera]
[3.120s] -- Looking for gz-sensors8-wide_angle_camera -- found version 8.2.2
[3.120s] -- Searching for dependencies of gz-sensors8-wide_angle_camera
[3.122s] -- Looking for gz-rendering8 -- found version 8.2.2
[3.122s] -- Looking for gz-math7 -- found version 7.5.2
[3.123s] -- Looking for gz-utils2 -- found version 2.2.1
[3.144s] -- Looking for gz-plugin2 -- found version 2.0.4
[3.220s] -- Configuring done (2.9s)
[3.258s] -- Generating done (0.0s)
[3.266s] -- Build files have been written to: /root/ros_workspace/build/turtlebot3_gazebo
[3.278s] Invoked command in '/root/ros_workspace/build/turtlebot3_gazebo' returned '0': CMAKE_PREFIX_PATH=${CMAKE_PREFIX_PATH}:/root/ros_workspace/install/slam_multi_robot:/root/ros_workspace/install/obstacle_fusion:/root/ros_workspace/install/multi_robot_bringup:/root/ros_workspace/install/merging_pkg:/root/ros_workspace/install/dynamic_obstacle_detector:/opt/ros/jazzy /usr/bin/cmake /root/ros_workspace/src/turtlebot3_gazebo -DCMAKE_INSTALL_PREFIX=/root/ros_workspace/install/turtlebot3_gazebo
[3.280s] Invoking command in '/root/ros_workspace/build/turtlebot3_gazebo': CMAKE_PREFIX_PATH=${CMAKE_PREFIX_PATH}:/root/ros_workspace/install/slam_multi_robot:/root/ros_workspace/install/obstacle_fusion:/root/ros_workspace/install/multi_robot_bringup:/root/ros_workspace/install/merging_pkg:/root/ros_workspace/install/dynamic_obstacle_detector:/opt/ros/jazzy /usr/bin/cmake --build /root/ros_workspace/build/turtlebot3_gazebo -- -j20 -l20
[3.325s] [ 12%] [32mBuilding CXX object CMakeFiles/obstacles.dir/src/obstacles.cpp.o[0m
[3.326s] [ 25%] [32mBuilding CXX object CMakeFiles/turtlebot3_drive.dir/src/turtlebot3_drive.cpp.o[0m
[3.329s] [ 37%] [32mBuilding CXX object CMakeFiles/obstacle2.dir/src/obstacle2.cpp.o[0m
[3.330s] [ 50%] [32mBuilding CXX object CMakeFiles/obstacle1.dir/src/obstacle1.cpp.o[0m
[5.960s] [ 62%] [32m[1mLinking CXX shared library libobstacle2.so[0m
[5.963s] [ 75%] [32m[1mLinking CXX shared library libobstacle1.so[0m
[6.258s] [ 75%] Built target obstacle2
[6.261s] [ 75%] Built target obstacle1
[6.295s] [ 87%] [32m[1mLinking CXX shared library libobstacles.so[0m
[6.449s] [ 87%] Built target obstacles
[12.037s] [100%] [32m[1mLinking CXX executable turtlebot3_drive[0m
[12.391s] [100%] Built target turtlebot3_drive
[12.401s] Invoked command in '/root/ros_workspace/build/turtlebot3_gazebo' returned '0': CMAKE_PREFIX_PATH=${CMAKE_PREFIX_PATH}:/root/ros_workspace/install/slam_multi_robot:/root/ros_workspace/install/obstacle_fusion:/root/ros_workspace/install/multi_robot_bringup:/root/ros_workspace/install/merging_pkg:/root/ros_workspace/install/dynamic_obstacle_detector:/opt/ros/jazzy /usr/bin/cmake --build /root/ros_workspace/build/turtlebot3_gazebo -- -j20 -l20
[12.402s] Invoking command in '/root/ros_workspace/build/turtlebot3_gazebo': CMAKE_PREFIX_PATH=${CMAKE_PREFIX_PATH}:/root/ros_workspace/install/slam_multi_robot:/root/ros_workspace/install/obstacle_fusion:/root/ros_workspace/install/multi_robot_bringup:/root/ros_workspace/install/merging_pkg:/root/ros_workspace/install/dynamic_obstacle_detector:/opt/ros/jazzy /usr/bin/cmake --install /root/ros_workspace/build/turtlebot3_gazebo
[12.408s] -- Install configuration: ""
[12.408s] -- Installing: /root/ros_workspace/install/turtlebot3_gazebo/lib/turtlebot3_gazebo/turtlebot3_drive
[12.414s] -- Set non-toolchain portion of runtime path of "/root/ros_workspace/install/turtlebot3_gazebo/lib/turtlebot3_gazebo/turtlebot3_drive" to ""
[12.414s] -- Installing: /root/ros_workspace/install/turtlebot3_gazebo/lib/turtlebot3_gazebo/libobstacles.so
[12.415s] -- Set non-toolchain portion of runtime path of "/root/ros_workspace/install/turtlebot3_gazebo/lib/turtlebot3_gazebo/libobstacles.so" to ""
[12.415s] -- Installing: /root/ros_workspace/install/turtlebot3_gazebo/lib/turtlebot3_gazebo/libobstacle1.so
[12.415s] -- Set non-toolchain portion of runtime path of "/root/ros_workspace/install/turtlebot3_gazebo/lib/turtlebot3_gazebo/libobstacle1.so" to ""
[12.416s] -- Installing: /root/ros_workspace/install/turtlebot3_gazebo/lib/turtlebot3_gazebo/libobstacle2.so
[12.417s] -- Set non-toolchain portion of runtime path of "/root/ros_workspace/install/turtlebot3_gazebo/lib/turtlebot3_gazebo/libobstacle2.so" to ""
[12.417s] -- Installing: /root/ros_workspace/install/turtlebot3_gazebo/share/turtlebot3_gazebo//launch
[12.417s] -- Installing: /root/ros_workspace/install/turtlebot3_gazebo/share/turtlebot3_gazebo//launch/turtlebot3_dqn_stage1.launch.py
[12.418s] -- Installing: /root/ros_workspace/install/turtlebot3_gazebo/share/turtlebot3_gazebo//launch/spawn_turtlebot3.launch.py
[12.418s] -- Installing: /root/ros_workspace/install/turtlebot3_gazebo/share/turtlebot3_gazebo//launch/empty_world.launch.py
[12.419s] -- Installing: /root/ros_workspace/install/turtlebot3_gazebo/share/turtlebot3_gazebo//launch/turtlebot3_house.launch.py
[12.419s] -- Installing: /root/ros_workspace/install/turtlebot3_gazebo/share/turtlebot3_gazebo//launch/turtlebot3_dqn_stage3.launch.py
[12.419s] -- Installing: /root/ros_workspace/install/turtlebot3_gazebo/share/turtlebot3_gazebo//launch/robot_state_publisher.launch.py
[12.420s] -- Installing: /root/ros_workspace/install/turtlebot3_gazebo/share/turtlebot3_gazebo//launch/turtlebot3_dqn_stage4.launch.py
[12.420s] -- Installing: /root/ros_workspace/install/turtlebot3_gazebo/share/turtlebot3_gazebo//launch/turtlebot3_dqn_stage2.launch.py
[12.420s] -- Installing: /root/ros_workspace/install/turtlebot3_gazebo/share/turtlebot3_gazebo//launch/turtlebot3_world.launch.py
[12.421s] -- Installing: /root/ros_workspace/install/turtlebot3_gazebo/share/turtlebot3_gazebo//models
[12.421s] -- Installing: /root/ros_workspace/install/turtlebot3_gazebo/share/turtlebot3_gazebo//models/turtlebot3_burger
[12.421s] -- Installing: /root/ros_workspace/install/turtlebot3_gazebo/share/turtlebot3_gazebo//models/turtlebot3_burger/model.config
[12.421s] -- Installing: /root/ros_workspace/install/turtlebot3_gazebo/share/turtlebot3_gazebo//models/turtlebot3_burger/model.sdf
[12.422s] -- Installing: /root/ros_workspace/install/turtlebot3_gazebo/share/turtlebot3_gazebo//models/turtlebot3_burger/model-1_4.sdf
[12.422s] -- Installing: /root/ros_workspace/install/turtlebot3_gazebo/share/turtlebot3_gazebo//models/turtlebot3_house
[12.423s] -- Installing: /root/ros_workspace/install/turtlebot3_gazebo/share/turtlebot3_gazebo//models/turtlebot3_house/model.config
[12.424s] -- Installing: /root/ros_workspace/install/turtlebot3_gazebo/share/turtlebot3_gazebo//models/turtlebot3_house/first_2015_trash_can
[12.424s] -- Installing: /root/ros_workspace/install/turtlebot3_gazebo/share/turtlebot3_gazebo//models/turtlebot3_house/first_2015_trash_can/model.config
[12.424s] -- Installing: /root/ros_workspace/install/turtlebot3_gazebo/share/turtlebot3_gazebo//models/turtlebot3_house/first_2015_trash_can/meshes
[12.424s] -- Installing: /root/ros_workspace/install/turtlebot3_gazebo/share/turtlebot3_gazebo//models/turtlebot3_house/first_2015_trash_can/meshes/trash_can.dae
[12.427s] -- Installing: /root/ros_workspace/install/turtlebot3_gazebo/share/turtlebot3_gazebo//models/turtlebot3_house/first_2015_trash_can/model.sdf
[12.427s] -- Installing: /root/ros_workspace/install/turtlebot3_gazebo/share/turtlebot3_gazebo//models/turtlebot3_house/table_marble
[12.427s] -- Installing: /root/ros_workspace/install/turtlebot3_gazebo/share/turtlebot3_gazebo//models/turtlebot3_house/table_marble/model.config
[12.428s] -- Installing: /root/ros_workspace/install/turtlebot3_gazebo/share/turtlebot3_gazebo//models/turtlebot3_house/table_marble/meshes
[12.428s] -- Installing: /root/ros_workspace/install/turtlebot3_gazebo/share/turtlebot3_gazebo//models/turtlebot3_house/table_marble/meshes/table_lightmap.dae
[12.429s] -- Installing: /root/ros_workspace/install/turtlebot3_gazebo/share/turtlebot3_gazebo//models/turtlebot3_house/table_marble/model.sdf
[12.429s] -- Installing: /root/ros_workspace/install/turtlebot3_gazebo/share/turtlebot3_gazebo//models/turtlebot3_house/table_marble/materials
[12.430s] -- Installing: /root/ros_workspace/install/turtlebot3_gazebo/share/turtlebot3_gazebo//models/turtlebot3_house/table_marble/materials/textures
[12.430s] -- Installing: /root/ros_workspace/install/turtlebot3_gazebo/share/turtlebot3_gazebo//models/turtlebot3_house/table_marble/materials/textures/table_lightmap.png
[12.431s] -- Installing: /root/ros_workspace/install/turtlebot3_gazebo/share/turtlebot3_gazebo//models/turtlebot3_house/table_marble/materials/textures/marble.png
[12.432s] -- Installing: /root/ros_workspace/install/turtlebot3_gazebo/share/turtlebot3_gazebo//models/turtlebot3_house/table_marble/materials/scripts
[12.433s] -- Installing: /root/ros_workspace/install/turtlebot3_gazebo/share/turtlebot3_gazebo//models/turtlebot3_house/table_marble/materials/scripts/table_lightmap.material
[12.433s] -- Installing: /root/ros_workspace/install/turtlebot3_gazebo/share/turtlebot3_gazebo//models/turtlebot3_house/table_marble/model-1_4.sdf
[12.434s] -- Installing: /root/ros_workspace/install/turtlebot3_gazebo/share/turtlebot3_gazebo//models/turtlebot3_house/model.sdf
[12.435s] -- Installing: /root/ros_workspace/install/turtlebot3_gazebo/share/turtlebot3_gazebo//models/turtlebot3_house/textures
[12.435s] -- Installing: /root/ros_workspace/install/turtlebot3_gazebo/share/turtlebot3_gazebo//models/turtlebot3_house/textures/wood.png
[12.436s] -- Installing: /root/ros_workspace/install/turtlebot3_gazebo/share/turtlebot3_gazebo//models/turtlebot3_house/textures/bricks.png
[12.440s] -- Installing: /root/ros_workspace/install/turtlebot3_gazebo/share/turtlebot3_gazebo//models/turtlebot3_house/cafe_table
[12.440s] -- Installing: /root/ros_workspace/install/turtlebot3_gazebo/share/turtlebot3_gazebo//models/turtlebot3_house/cafe_table/model.config
[12.441s] -- Installing: /root/ros_workspace/install/turtlebot3_gazebo/share/turtlebot3_gazebo//models/turtlebot3_house/cafe_table/meshes
[12.441s] -- Installing: /root/ros_workspace/install/turtlebot3_gazebo/share/turtlebot3_gazebo//models/turtlebot3_house/cafe_table/meshes/cafe_table.dae
[12.442s] -- Installing: /root/ros_workspace/install/turtlebot3_gazebo/share/turtlebot3_gazebo//models/turtlebot3_house/cafe_table/model.sdf
[12.442s] -- Installing: /root/ros_workspace/install/turtlebot3_gazebo/share/turtlebot3_gazebo//models/turtlebot3_house/cafe_table/materials
[12.442s] -- Installing: /root/ros_workspace/install/turtlebot3_gazebo/share/turtlebot3_gazebo//models/turtlebot3_house/cafe_table/materials/textures
[12.442s] -- Installing: /root/ros_workspace/install/turtlebot3_gazebo/share/turtlebot3_gazebo//models/turtlebot3_house/cafe_table/materials/textures/Wood_Floor_Dark.jpg
[12.443s] -- Installing: /root/ros_workspace/install/turtlebot3_gazebo/share/turtlebot3_gazebo//models/turtlebot3_house/cafe_table/materials/textures/Maple.jpg
[12.444s] -- Installing: /root/ros_workspace/install/turtlebot3_gazebo/share/turtlebot3_gazebo//models/turtlebot3_house/cafe_table/model-1_4.sdf
[12.444s] -- Installing: /root/ros_workspace/install/turtlebot3_gazebo/share/turtlebot3_gazebo//models/turtlebot3_house/mailbox
[12.444s] -- Installing: /root/ros_workspace/install/turtlebot3_gazebo/share/turtlebot3_gazebo//models/turtlebot3_house/mailbox/model.config
[12.444s] -- Installing: /root/ros_workspace/install/turtlebot3_gazebo/share/turtlebot3_gazebo//models/turtlebot3_house/mailbox/meshes
[12.445s] -- Installing: /root/ros_workspace/install/turtlebot3_gazebo/share/turtlebot3_gazebo//models/turtlebot3_house/mailbox/meshes/mailbox.dae
[12.445s] -- Installing: /root/ros_workspace/install/turtlebot3_gazebo/share/turtlebot3_gazebo//models/turtlebot3_house/mailbox/model.sdf
[12.446s] -- Installing: /root/ros_workspace/install/turtlebot3_gazebo/share/turtlebot3_gazebo//models/turtlebot3_house/mailbox/materials
[12.446s] -- Installing: /root/ros_workspace/install/turtlebot3_gazebo/share/turtlebot3_gazebo//models/turtlebot3_house/mailbox/materials/textures
[12.446s] -- Installing: /root/ros_workspace/install/turtlebot3_gazebo/share/turtlebot3_gazebo//models/turtlebot3_house/mailbox/materials/textures/Mailbox_Spec.png
[12.447s] -- Installing: /root/ros_workspace/install/turtlebot3_gazebo/share/turtlebot3_gazebo//models/turtlebot3_house/mailbox/materials/textures/Mailbox_Diffuse.png
[12.448s] -- Installing: /root/ros_workspace/install/turtlebot3_gazebo/share/turtlebot3_gazebo//models/turtlebot3_house/mailbox/materials/textures/Mailbox_Diffuse.tga.orig
[12.450s] -- Installing: /root/ros_workspace/install/turtlebot3_gazebo/share/turtlebot3_gazebo//models/turtlebot3_house/mailbox/materials/scripts
[12.450s] -- Installing: /root/ros_workspace/install/turtlebot3_gazebo/share/turtlebot3_gazebo//models/turtlebot3_house/mailbox/materials/scripts/mailbox.material
[12.451s] -- Installing: /root/ros_workspace/install/turtlebot3_gazebo/share/turtlebot3_gazebo//models/turtlebot3_house/mailbox/model-1_4.sdf
[12.452s] -- Installing: /root/ros_workspace/install/turtlebot3_gazebo/share/turtlebot3_gazebo//models/turtlebot3_house/mailbox/model-1_3.sdf
[12.452s] -- Installing: /root/ros_workspace/install/turtlebot3_gazebo/share/turtlebot3_gazebo//models/turtlebot3_world
[12.452s] -- Installing: /root/ros_workspace/install/turtlebot3_gazebo/share/turtlebot3_gazebo//models/turtlebot3_world/model.config
[12.453s] -- Installing: /root/ros_workspace/install/turtlebot3_gazebo/share/turtlebot3_gazebo//models/turtlebot3_world/meshes
[12.453s] -- Installing: /root/ros_workspace/install/turtlebot3_gazebo/share/turtlebot3_gazebo//models/turtlebot3_world/meshes/wall.dae
[12.453s] -- Installing: /root/ros_workspace/install/turtlebot3_gazebo/share/turtlebot3_gazebo//models/turtlebot3_world/meshes/hexagon.dae
[12.454s] -- Installing: /root/ros_workspace/install/turtlebot3_gazebo/share/turtlebot3_gazebo//models/turtlebot3_world/model.sdf
[12.454s] -- Installing: /root/ros_workspace/install/turtlebot3_gazebo/share/turtlebot3_gazebo//models/turtlebot3_world/model-1_4.sdf
[12.454s] -- Installing: /root/ros_workspace/install/turtlebot3_gazebo/share/turtlebot3_gazebo//models/turtlebot3_waffle
[12.455s] -- Installing: /root/ros_workspace/install/turtlebot3_gazebo/share/turtlebot3_gazebo//models/turtlebot3_waffle/model.config
[12.455s] -- Installing: /root/ros_workspace/install/turtlebot3_gazebo/share/turtlebot3_gazebo//models/turtlebot3_waffle/model.sdf
[12.455s] -- Installing: /root/ros_workspace/install/turtlebot3_gazebo/share/turtlebot3_gazebo//models/turtlebot3_waffle/model-1_4.sdf
[12.456s] -- Installing: /root/ros_workspace/install/turtlebot3_gazebo/share/turtlebot3_gazebo//models/turtlebot3_common
[12.456s] -- Installing: /root/ros_workspace/install/turtlebot3_gazebo/share/turtlebot3_gazebo//models/turtlebot3_common/model.config
[12.456s] -- Installing: /root/ros_workspace/install/turtlebot3_gazebo/share/turtlebot3_gazebo//models/turtlebot3_common/meshes
[12.456s] -- Installing: /root/ros_workspace/install/turtlebot3_gazebo/share/turtlebot3_gazebo//models/turtlebot3_common/meshes/sensors
[12.457s] -- Installing: /root/ros_workspace/install/turtlebot3_gazebo/share/turtlebot3_gazebo//models/turtlebot3_common/meshes/sensors/lds.stl
[12.458s] -- Installing: /root/ros_workspace/install/turtlebot3_gazebo/share/turtlebot3_gazebo//models/turtlebot3_common/meshes/sensors/r200.jpg
[12.459s] -- Installing: /root/ros_workspace/install/turtlebot3_gazebo/share/turtlebot3_gazebo//models/turtlebot3_common/meshes/sensors/astra.dae
[12.475s] -- Installing: /root/ros_workspace/install/turtlebot3_gazebo/share/turtlebot3_gazebo//models/turtlebot3_common/meshes/sensors/astra.jpg
[12.475s] -- Installing: /root/ros_workspace/install/turtlebot3_gazebo/share/turtlebot3_gazebo//models/turtlebot3_common/meshes/sensors/r200.dae
[12.477s] -- Installing: /root/ros_workspace/install/turtlebot3_gazebo/share/turtlebot3_gazebo//models/turtlebot3_common/meshes/waffle_base.dae
[12.477s] -- Installing: /root/ros_workspace/install/turtlebot3_gazebo/share/turtlebot3_gazebo//models/turtlebot3_common/meshes/burger_base.dae
[12.477s] -- Installing: /root/ros_workspace/install/turtlebot3_gazebo/share/turtlebot3_gazebo//models/turtlebot3_common/meshes/tire.dae
[12.478s] -- Installing: /root/ros_workspace/install/turtlebot3_gazebo/share/turtlebot3_gazebo//models/turtlebot3_common/meshes/wheels
[12.478s] -- Installing: /root/ros_workspace/install/turtlebot3_gazebo/share/turtlebot3_gazebo//models/turtlebot3_common/meshes/wheels/right_tire.stl
[12.481s] -- Installing: /root/ros_workspace/install/turtlebot3_gazebo/share/turtlebot3_gazebo//models/turtlebot3_common/meshes/wheels/left_tire.stl
[12.484s] -- Installing: /root/ros_workspace/install/turtlebot3_gazebo/share/turtlebot3_gazebo//models/turtlebot3_common/meshes/waffle_pi_base.dae
[12.484s] -- Installing: /root/ros_workspace/install/turtlebot3_gazebo/share/turtlebot3_gazebo//models/turtlebot3_common/meshes/bases
[12.484s] -- Installing: /root/ros_workspace/install/turtlebot3_gazebo/share/turtlebot3_gazebo//models/turtlebot3_common/meshes/bases/burger_base.stl
[12.494s] -- Installing: /root/ros_workspace/install/turtlebot3_gazebo/share/turtlebot3_gazebo//models/turtlebot3_common/meshes/bases/waffle_base.stl
[12.522s] -- Installing: /root/ros_workspace/install/turtlebot3_gazebo/share/turtlebot3_gazebo//models/turtlebot3_common/meshes/bases/waffle_pi_base.stl
[12.537s] -- Installing: /root/ros_workspace/install/turtlebot3_gazebo/share/turtlebot3_gazebo//models/turtlebot3_common/meshes/lds.dae
[12.538s] -- Installing: /root/ros_workspace/install/turtlebot3_gazebo/share/turtlebot3_gazebo//models/turtlebot3_common/meshes/r200.dae
[12.539s] -- Installing: /root/ros_workspace/install/turtlebot3_gazebo/share/turtlebot3_gazebo//models/turtlebot3_waffle_pi
[12.539s] -- Installing: /root/ros_workspace/install/turtlebot3_gazebo/share/turtlebot3_gazebo//models/turtlebot3_waffle_pi/model.config
[12.539s] -- Installing: /root/ros_workspace/install/turtlebot3_gazebo/share/turtlebot3_gazebo//models/turtlebot3_waffle_pi/model.sdf
[12.540s] -- Installing: /root/ros_workspace/install/turtlebot3_gazebo/share/turtlebot3_gazebo//models/turtlebot3_waffle_pi/model-1_4_.sdf
[12.540s] -- Installing: /root/ros_workspace/install/turtlebot3_gazebo/share/turtlebot3_gazebo//models/turtlebot3_burger_cam
[12.540s] -- Installing: /root/ros_workspace/install/turtlebot3_gazebo/share/turtlebot3_gazebo//models/turtlebot3_burger_cam/model.config
[12.541s] -- Installing: /root/ros_workspace/install/turtlebot3_gazebo/share/turtlebot3_gazebo//models/turtlebot3_burger_cam/model.sdf
[12.541s] -- Installing: /root/ros_workspace/install/turtlebot3_gazebo/share/turtlebot3_gazebo//models/turtlebot3_burger_cam/model-1_4.sdf
[12.541s] -- Installing: /root/ros_workspace/install/turtlebot3_gazebo/share/turtlebot3_gazebo//models/turtlebot3_dqn_world
[12.541s] -- Installing: /root/ros_workspace/install/turtlebot3_gazebo/share/turtlebot3_gazebo//models/turtlebot3_dqn_world/model.config
[12.542s] -- Installing: /root/ros_workspace/install/turtlebot3_gazebo/share/turtlebot3_gazebo//models/turtlebot3_dqn_world/obstacle1
[12.542s] -- Installing: /root/ros_workspace/install/turtlebot3_gazebo/share/turtlebot3_gazebo//models/turtlebot3_dqn_world/obstacle1/model.config
[12.542s] -- Installing: /root/ros_workspace/install/turtlebot3_gazebo/share/turtlebot3_gazebo//models/turtlebot3_dqn_world/obstacle1/model.sdf
[12.543s] -- Installing: /root/ros_workspace/install/turtlebot3_gazebo/share/turtlebot3_gazebo//models/turtlebot3_dqn_world/inner_walls
[12.543s] -- Installing: /root/ros_workspace/install/turtlebot3_gazebo/share/turtlebot3_gazebo//models/turtlebot3_dqn_world/inner_walls/model.config
[12.543s] -- Installing: /root/ros_workspace/install/turtlebot3_gazebo/share/turtlebot3_gazebo//models/turtlebot3_dqn_world/inner_walls/model.sdf
[12.544s] -- Installing: /root/ros_workspace/install/turtlebot3_gazebo/share/turtlebot3_gazebo//models/turtlebot3_dqn_world/inner_walls/textures
[12.544s] -- Installing: /root/ros_workspace/install/turtlebot3_gazebo/share/turtlebot3_gazebo//models/turtlebot3_dqn_world/inner_walls/textures/wood.png
[12.545s] -- Installing: /root/ros_workspace/install/turtlebot3_gazebo/share/turtlebot3_gazebo//models/turtlebot3_dqn_world/goal_box
[12.545s] -- Installing: /root/ros_workspace/install/turtlebot3_gazebo/share/turtlebot3_gazebo//models/turtlebot3_dqn_world/goal_box/model.config
[12.546s] -- Installing: /root/ros_workspace/install/turtlebot3_gazebo/share/turtlebot3_gazebo//models/turtlebot3_dqn_world/goal_box/model.sdf
[12.546s] -- Installing: /root/ros_workspace/install/turtlebot3_gazebo/share/turtlebot3_gazebo//models/turtlebot3_dqn_world/model.sdf
[12.546s] -- Installing: /root/ros_workspace/install/turtlebot3_gazebo/share/turtlebot3_gazebo//models/turtlebot3_dqn_world/textures
[12.546s] -- Installing: /root/ros_workspace/install/turtlebot3_gazebo/share/turtlebot3_gazebo//models/turtlebot3_dqn_world/textures/wood.png
[12.547s] -- Installing: /root/ros_workspace/install/turtlebot3_gazebo/share/turtlebot3_gazebo//models/turtlebot3_dqn_world/obstacle2
[12.547s] -- Installing: /root/ros_workspace/install/turtlebot3_gazebo/share/turtlebot3_gazebo//models/turtlebot3_dqn_world/obstacle2/model.config
[12.548s] -- Installing: /root/ros_workspace/install/turtlebot3_gazebo/share/turtlebot3_gazebo//models/turtlebot3_dqn_world/obstacle2/model.sdf
[12.548s] -- Installing: /root/ros_workspace/install/turtlebot3_gazebo/share/turtlebot3_gazebo//models/turtlebot3_dqn_world/obstacles
[12.548s] -- Installing: /root/ros_workspace/install/turtlebot3_gazebo/share/turtlebot3_gazebo//models/turtlebot3_dqn_world/obstacles/model.config
[12.548s] -- Installing: /root/ros_workspace/install/turtlebot3_gazebo/share/turtlebot3_gazebo//models/turtlebot3_dqn_world/obstacles/model.sdf
[12.549s] -- Installing: /root/ros_workspace/install/turtlebot3_gazebo/share/turtlebot3_gazebo//params
[12.549s] -- Installing: /root/ros_workspace/install/turtlebot3_gazebo/share/turtlebot3_gazebo//params/turtlebot3_waffle_bridge.yaml
[12.549s] -- Installing: /root/ros_workspace/install/turtlebot3_gazebo/share/turtlebot3_gazebo//params/turtlebot3_burger_cam_bridge.yaml
[12.550s] -- Installing: /root/ros_workspace/install/turtlebot3_gazebo/share/turtlebot3_gazebo//params/turtlebot3_waffle_pi_bridge.yaml
[12.550s] -- Installing: /root/ros_workspace/install/turtlebot3_gazebo/share/turtlebot3_gazebo//params/turtlebot3_burger_bridge.yaml
[12.550s] -- Installing: /root/ros_workspace/install/turtlebot3_gazebo/share/turtlebot3_gazebo//rviz
[12.550s] -- Installing: /root/ros_workspace/install/turtlebot3_gazebo/share/turtlebot3_gazebo//rviz/tb3_gazebo.rviz
[12.551s] -- Installing: /root/ros_workspace/install/turtlebot3_gazebo/share/turtlebot3_gazebo//urdf
[12.551s] -- Installing: /root/ros_workspace/install/turtlebot3_gazebo/share/turtlebot3_gazebo//urdf/common_properties.urdf
[12.551s] -- Installing: /root/ros_workspace/install/turtlebot3_gazebo/share/turtlebot3_gazebo//urdf/turtlebot3_burger.urdf
[12.552s] -- Installing: /root/ros_workspace/install/turtlebot3_gazebo/share/turtlebot3_gazebo//urdf/turtlebot3_waffle_pi.urdf
[12.552s] -- Installing: /root/ros_workspace/install/turtlebot3_gazebo/share/turtlebot3_gazebo//urdf/turtlebot3_burger_cam.urdf
[12.552s] -- Installing: /root/ros_workspace/install/turtlebot3_gazebo/share/turtlebot3_gazebo//urdf/turtlebot3_waffle.urdf
[12.553s] -- Installing: /root/ros_workspace/install/turtlebot3_gazebo/share/turtlebot3_gazebo//worlds
[12.553s] -- Installing: /root/ros_workspace/install/turtlebot3_gazebo/share/turtlebot3_gazebo//worlds/turtlebot3_dqn_stage3.world
[12.553s] -- Installing: /root/ros_workspace/install/turtlebot3_gazebo/share/turtlebot3_gazebo//worlds/turtlebot3_dynamic_obstacles.world
[12.554s] -- Installing: /root/ros_workspace/install/turtlebot3_gazebo/share/turtlebot3_gazebo//worlds/empty_world.world
[12.554s] -- Installing: /root/ros_workspace/install/turtlebot3_gazebo/share/turtlebot3_gazebo//worlds/turtlebot3_world.world
[12.554s] -- Installing: /root/ros_workspace/install/turtlebot3_gazebo/share/turtlebot3_gazebo//worlds/turtlebot3_autorace_2020.world
[12.555s] -- Installing: /root/ros_workspace/install/turtlebot3_gazebo/share/turtlebot3_gazebo//worlds/turtlebot3_dqn_stage4.world
[12.555s] -- Installing: /root/ros_workspace/install/turtlebot3_gazebo/share/turtlebot3_gazebo//worlds/turtlebot3_dqn_stage2.world
[12.556s] -- Installing: /root/ros_workspace/install/turtlebot3_gazebo/share/turtlebot3_gazebo//worlds/turtlebot3_house.world
[12.556s] -- Installing: /root/ros_workspace/install/turtlebot3_gazebo/share/turtlebot3_gazebo//worlds/turtlebot3_dqn_stage1.world
[12.556s] -- Installing: /root/ros_workspace/install/turtlebot3_gazebo/include/
[12.557s] -- Installing: /root/ros_workspace/install/turtlebot3_gazebo/include//turtlebot3_gazebo
[12.557s] -- Installing: /root/ros_workspace/install/turtlebot3_gazebo/include//turtlebot3_gazebo/obstacles.hpp
[12.557s] -- Installing: /root/ros_workspace/install/turtlebot3_gazebo/include//turtlebot3_gazebo/turtlebot3_drive.hpp
[12.557s] -- Installing: /root/ros_workspace/install/turtlebot3_gazebo/include//turtlebot3_gazebo/obstacle1.hpp
[12.557s] -- Installing: /root/ros_workspace/install/turtlebot3_gazebo/include//turtlebot3_gazebo/traffic_light_plugin.hpp
[12.557s] -- Installing: /root/ros_workspace/install/turtlebot3_gazebo/include//turtlebot3_gazebo/obstacle2.hpp
[12.557s] -- Installing: /root/ros_workspace/install/turtlebot3_gazebo/include//turtlebot3_gazebo/traffic_bar_plugin.hpp
[12.558s] -- Installing: /root/ros_workspace/install/turtlebot3_gazebo/share/ament_index/resource_index/package_run_dependencies/turtlebot3_gazebo
[12.558s] -- Installing: /root/ros_workspace/install/turtlebot3_gazebo/share/ament_index/resource_index/parent_prefix_path/turtlebot3_gazebo
[12.558s] -- Installing: /root/ros_workspace/install/turtlebot3_gazebo/share/turtlebot3_gazebo/environment/ament_prefix_path.sh
[12.558s] -- Installing: /root/ros_workspace/install/turtlebot3_gazebo/share/turtlebot3_gazebo/environment/ament_prefix_path.dsv
[12.559s] -- Installing: /root/ros_workspace/install/turtlebot3_gazebo/share/turtlebot3_gazebo/environment/path.sh
[12.559s] -- Installing: /root/ros_workspace/install/turtlebot3_gazebo/share/turtlebot3_gazebo/environment/path.dsv
[12.559s] -- Installing: /root/ros_workspace/install/turtlebot3_gazebo/share/turtlebot3_gazebo/local_setup.bash
[12.559s] -- Installing: /root/ros_workspace/install/turtlebot3_gazebo/share/turtlebot3_gazebo/local_setup.sh
[12.559s] -- Installing: /root/ros_workspace/install/turtlebot3_gazebo/share/turtlebot3_gazebo/local_setup.zsh
[12.559s] -- Installing: /root/ros_workspace/install/turtlebot3_gazebo/share/turtlebot3_gazebo/local_setup.dsv
[12.559s] -- Installing: /root/ros_workspace/install/turtlebot3_gazebo/share/turtlebot3_gazebo/package.dsv
[12.559s] -- Installing: /root/ros_workspace/install/turtlebot3_gazebo/share/ament_index/resource_index/packages/turtlebot3_gazebo
[12.559s] -- Installing: /root/ros_workspace/install/turtlebot3_gazebo/share/turtlebot3_gazebo/cmake/ament_cmake_export_include_directories-extras.cmake
[12.560s] -- Installing: /root/ros_workspace/install/turtlebot3_gazebo/share/turtlebot3_gazebo/cmake/ament_cmake_export_dependencies-extras.cmake
[12.560s] -- Installing: /root/ros_workspace/install/turtlebot3_gazebo/share/turtlebot3_gazebo/cmake/turtlebot3_gazeboConfig.cmake
[12.560s] -- Installing: /root/ros_workspace/install/turtlebot3_gazebo/share/turtlebot3_gazebo/cmake/turtlebot3_gazeboConfig-version.cmake
[12.560s] -- Installing: /root/ros_workspace/install/turtlebot3_gazebo/share/turtlebot3_gazebo/package.xml
[12.562s] Invoked command in '/root/ros_workspace/build/turtlebot3_gazebo' returned '0': CMAKE_PREFIX_PATH=${CMAKE_PREFIX_PATH}:/root/ros_workspace/install/slam_multi_robot:/root/ros_workspace/install/obstacle_fusion:/root/ros_workspace/install/multi_robot_bringup:/root/ros_workspace/install/merging_pkg:/root/ros_workspace/install/dynamic_obstacle_detector:/opt/ros/jazzy /usr/bin/cmake --install /root/ros_workspace/build/turtlebot3_gazebo
