running egg_info
writing ../../build/merging_pkg/merging_pkg.egg-info/PKG-INFO
writing dependency_links to ../../build/merging_pkg/merging_pkg.egg-info/dependency_links.txt
writing entry points to ../../build/merging_pkg/merging_pkg.egg-info/entry_points.txt
writing requirements to ../../build/merging_pkg/merging_pkg.egg-info/requires.txt
writing top-level names to ../../build/merging_pkg/merging_pkg.egg-info/top_level.txt
reading manifest file '../../build/merging_pkg/merging_pkg.egg-info/SOURCES.txt'
writing manifest file '../../build/merging_pkg/merging_pkg.egg-info/SOURCES.txt'
running build
running build_py
running install
running install_lib
running install_data
running install_egg_info
removing '/root/ros_workspace/install/merging_pkg/lib/python3.12/site-packages/merging_pkg-0.0.0-py3.12.egg-info' (and everything under it)
Copying ../../build/merging_pkg/merging_pkg.egg-info to /root/ros_workspace/install/merging_pkg/lib/python3.12/site-packages/merging_pkg-0.0.0-py3.12.egg-info
running install_scripts
Installing merger_node script to /root/ros_workspace/install/merging_pkg/lib/merging_pkg
Installing robot_laser_filter script to /root/ros_workspace/install/merging_pkg/lib/merging_pkg
writing list of installed files to '/root/ros_workspace/build/merging_pkg/install.log'
