running egg_info
writing ../../build/obstacle_fusion/obstacle_fusion.egg-info/PKG-INFO
writing dependency_links to ../../build/obstacle_fusion/obstacle_fusion.egg-info/dependency_links.txt
writing entry points to ../../build/obstacle_fusion/obstacle_fusion.egg-info/entry_points.txt
writing requirements to ../../build/obstacle_fusion/obstacle_fusion.egg-info/requires.txt
writing top-level names to ../../build/obstacle_fusion/obstacle_fusion.egg-info/top_level.txt
reading manifest file '../../build/obstacle_fusion/obstacle_fusion.egg-info/SOURCES.txt'
writing manifest file '../../build/obstacle_fusion/obstacle_fusion.egg-info/SOURCES.txt'
running build
running build_py
running install
running install_lib
running install_data
running install_egg_info
removing '/root/ros_workspace/install/obstacle_fusion/lib/python3.12/site-packages/obstacle_fusion-0.0.0-py3.12.egg-info' (and everything under it)
Copying ../../build/obstacle_fusion/obstacle_fusion.egg-info to /root/ros_workspace/install/obstacle_fusion/lib/python3.12/site-packages/obstacle_fusion-0.0.0-py3.12.egg-info
running install_scripts
Installing fusion_node script to /root/ros_workspace/install/obstacle_fusion/lib/obstacle_fusion
Installing prediction_to_costmap_node script to /root/ros_workspace/install/obstacle_fusion/lib/obstacle_fusion
writing list of installed files to '/root/ros_workspace/build/obstacle_fusion/install.log'
