[0.269s] Invoking command in '/root/ros_workspace/build/turtlebot3_gazebo': CMAKE_PREFIX_PATH=${CMAKE_PREFIX_PATH}:/opt/ros/jazzy /usr/bin/cmake /root/ros_workspace/src/turtlebot3_gazebo -DCMAKE_INSTALL_PREFIX=/root/ros_workspace/install/turtlebot3_gazebo
[0.312s] -- The C compiler identification is GNU 13.3.0
[0.386s] -- The CXX compiler identification is GNU 13.3.0
[0.406s] -- Detecting C compiler ABI info
[0.482s] -- Detecting C compiler ABI info - done
[0.488s] -- Check for working C compiler: /usr/bin/cc - skipped
[0.489s] -- Detecting C compile features
[0.490s] -- Detecting C compile features - done
[0.499s] -- Detecting CXX compiler ABI info
[0.585s] -- Detecting CXX compiler ABI info - done
[0.592s] -- Check for working CXX compiler: /usr/bin/c++ - skipped
[0.592s] -- Detecting CXX compile features
[0.593s] -- Detecting CXX compile features - done
[0.606s] -- Found ament_cmake: 2.5.4 (/opt/ros/jazzy/share/ament_cmake/cmake)
[0.737s] -- Found Python3: /usr/bin/python3 (found version "3.12.3") found components: Interpreter 
[0.879s] -- Found ros_gz_sim: 1.0.16 (/opt/ros/jazzy/share/ros_gz_sim/cmake)
[0.946s] -- Found rosidl_generator_c: 4.6.6 (/opt/ros/jazzy/share/rosidl_generator_c/cmake)
[0.963s] -- Found rosidl_generator_cpp: 4.6.6 (/opt/ros/jazzy/share/rosidl_generator_cpp/cmake)
[0.987s] -- Using all available rosidl_typesupport_c: rosidl_typesupport_fastrtps_c;rosidl_typesupport_introspection_c
[1.004s] -- Using all available rosidl_typesupport_cpp: rosidl_typesupport_fastrtps_cpp;rosidl_typesupport_introspection_cpp
[1.105s] -- Found rmw_implementation_cmake: 7.3.2 (/opt/ros/jazzy/share/rmw_implementation_cmake/cmake)
[1.111s] -- Found rmw_fastrtps_cpp: 8.4.3 (/opt/ros/jazzy/share/rmw_fastrtps_cpp/cmake)
[1.214s] -- Found OpenSSL: /usr/lib/x86_64-linux-gnu/libcrypto.so (found version "3.0.13")  
[1.232s] -- Found FastRTPS: /opt/ros/jazzy/include (Required is at least version "2.13") 
[1.251s] -- Using RMW implementation 'rmw_fastrtps_cpp' as default
[1.558s] -- Found nav_msgs: 5.3.6 (/opt/ros/jazzy/share/nav_msgs/cmake)
[1.586s] -- Found sensor_msgs: 5.3.6 (/opt/ros/jazzy/share/sensor_msgs/cmake)
[1.617s] -- Found gz_math_vendor: 0.0.8 (/opt/ros/jazzy/share/gz_math_vendor/cmake)
[1.632s] -- Looking for gz-math7 -- found version 7.5.2
[1.649s] -- Searching for dependencies of gz-math7
[1.651s] -- Looking for gz-utils2 -- found version 2.2.1
[1.651s] -- Searching for dependencies of gz-utils2
[1.656s] -- Found gz_sim_vendor: 0.0.8 (/opt/ros/jazzy/share/gz_sim_vendor/cmake)
[1.745s] -- Looking for gz-sim8 -- found version 8.9.0
[1.745s] -- Searching for dependencies of gz-sim8
[1.746s] -- Looking for sdformat14 -- found version 14.8.0
[1.747s] -- Searching for dependencies of sdformat14
[1.751s] -- Checking for module 'tinyxml2'
[1.766s] --   Found tinyxml2, version 10.0.0
[1.796s] -- Looking for gz-math7 -- found version 7.5.2
[1.796s] -- Looking for gz-utils2 -- found version 2.2.1
[1.797s] -- Searching for dependencies of gz-utils2
[1.797s] -- Searching for <gz-utils2> component [cli]
[1.800s] -- Looking for gz-utils2-cli -- found version 2.2.1
[1.800s] -- Searching for dependencies of gz-utils2-cli
[1.805s] -- Looking for gz-plugin2 -- found version 2.0.4
[1.805s] -- Searching for dependencies of gz-plugin2
[1.805s] -- Looking for gz-utils2 -- found version 2.2.1
[1.807s] -- Searching for <gz-plugin2> component [loader]
[1.810s] -- Looking for gz-plugin2-loader -- found version 2.0.4
[1.810s] -- Searching for dependencies of gz-plugin2-loader
[1.811s] -- Searching for <gz-plugin2> component [register]
[1.814s] -- Looking for gz-plugin2-register -- found version 2.0.4
[1.814s] -- Searching for dependencies of gz-plugin2-register
[1.818s] -- Looking for gz-transport13 -- found version 13.4.1
[1.818s] -- Searching for dependencies of gz-transport13
[1.945s] -- Found Protobuf: /usr/lib/x86_64-linux-gnu/libprotobuf.so (found version "3.21.12") 
[1.957s] -- Config-file not installed for ZeroMQ -- checking for pkg-config
[1.961s] -- Checking for module 'libzmq >= 4'
[1.973s] --   Found libzmq, version 4.3.5
[2.007s] -- Found ZeroMQ: TRUE (Required is at least version "4") 
[2.012s] -- Checking for module 'uuid'
[2.024s] --   Found uuid, version 2.39.3
[2.049s] -- Found UUID: TRUE  
[2.049s] -- Looking for gz-utils2 -- found version 2.2.1
[2.052s] -- Looking for gz-msgs10 -- found version 10.3.2
[2.053s] -- Searching for dependencies of gz-msgs10
[2.070s] -- Looking for gz-utils2 -- found version 2.2.1
[2.070s] -- Looking for gz-math7 -- found version 7.5.2
[2.078s] -- Searching for <gz-transport13> component [log]
[2.081s] -- Looking for gz-transport13-log -- found version 13.4.1
[2.081s] -- Searching for dependencies of gz-transport13-log
[2.082s] -- Searching for <gz-transport13> component [parameters]
[2.084s] -- Looking for gz-transport13-parameters -- found version 13.4.1
[2.085s] -- Searching for dependencies of gz-transport13-parameters
[2.086s] -- Looking for gz-msgs10 -- found version 10.3.2
[2.089s] -- Looking for gz-common5 -- found version 5.7.1
[2.089s] -- Searching for dependencies of gz-common5
[2.089s] -- Looking for gz-utils2 -- found version 2.2.1
[2.090s] -- Looking for dlfcn.h - found
[2.091s] -- Looking for libdl - found
[2.092s] -- Found DL: TRUE  
[2.098s] -- Searching for <gz-common5> component [av]
[2.101s] -- Looking for gz-common5-av -- found version 5.7.1
[2.102s] -- Searching for dependencies of gz-common5-av
[2.108s] -- Checking for module 'libswscale'
[2.121s] --   Found libswscale, version 7.5.100
[2.146s] -- Found SWSCALE: TRUE  
[2.150s] -- Checking for module 'libavdevice >= 56.4.100'
[2.163s] --   Found libavdevice, version 60.3.100
[2.197s] -- Found AVDEVICE: TRUE (Required is at least version "56.4.100") 
[2.201s] -- Checking for module 'libavformat'
[2.214s] --   Found libavformat, version 60.16.100
[2.242s] -- Found AVFORMAT: TRUE  
[2.246s] -- Checking for module 'libavcodec'
[2.258s] --   Found libavcodec, version 60.31.102
[2.285s] -- Found AVCODEC: TRUE  
[2.289s] -- Checking for module 'libavutil'
[2.300s] --   Found libavutil, version 58.29.100
[2.325s] -- Found AVUTIL: TRUE  
[2.327s] -- Searching for <gz-common5> component [events]
[2.330s] -- Looking for gz-common5-events -- found version 5.7.1
[2.330s] -- Searching for dependencies of gz-common5-events
[2.330s] -- Looking for gz-math7 -- found version 7.5.2
[2.331s] -- Searching for <gz-common5> component [graphics]
[2.334s] -- Looking for gz-common5-graphics -- found version 5.7.1
[2.334s] -- Searching for dependencies of gz-common5-graphics
[2.335s] -- Looking for gz-math7 -- found version 7.5.2
[2.342s] -- Found GzAssimp: TRUE (found version "5.3.0") 
[2.343s] -- Searching for <gz-common5> component [io]
[2.346s] -- Looking for gz-common5-io -- found version 5.7.1
[2.346s] -- Searching for dependencies of gz-common5-io
[2.347s] -- Searching for <gz-common5> component [profiler]
[2.350s] -- Looking for gz-common5-profiler -- found version 5.7.1
[2.350s] -- Searching for dependencies of gz-common5-profiler
[2.354s] -- Looking for gz-fuel_tools9 -- found version 9.1.1
[2.354s] -- Searching for dependencies of gz-fuel_tools9
[2.423s] -- Found CURL: /usr/lib/x86_64-linux-gnu/libcurl.so (found version "8.5.0")  
[2.433s] -- Checking for module 'jsoncpp'
[2.446s] --   Found jsoncpp, version 1.9.5
[2.471s] -- Found JSONCPP: TRUE  
[2.487s] -- Checking for module 'yaml-0.1'
[2.498s] --   Found yaml-0.1, version 0.2.5
[2.525s] -- Found YAML: TRUE  
[2.529s] -- Checking for module 'libzip'
[2.541s] --   Found libzip, version 1.7.3
[2.566s] -- Found ZIP: TRUE  
[2.567s] -- Looking for gz-utils2 -- found version 2.2.1
[2.567s] -- Looking for gz-common5 -- found version 5.7.1
[2.567s] -- Searching for dependencies of gz-common5
[2.568s] -- Looking for gz-utils2 -- found version 2.2.1
[2.568s] -- Looking for dlfcn.h - found
[2.568s] -- Looking for libdl - found
[2.574s] -- Searching for <gz-common5> component [testing]
[2.577s] -- Looking for gz-common5-testing -- found version 5.7.1
[2.577s] -- Searching for dependencies of gz-common5-testing
[2.578s] -- Looking for gz-math7 -- found version 7.5.2
[2.579s] -- Looking for gz-msgs10 -- found version 10.3.2
[2.582s] -- Looking for gz-gui8 -- found version 8.4.0
[2.582s] -- Searching for dependencies of gz-gui8
[2.605s] -- Looking for gz-utils2 -- found version 2.2.1
[2.605s] -- Looking for gz-math7 -- found version 7.5.2
[2.605s] -- Looking for gz-common5 -- found version 5.7.1
[2.605s] -- Looking for gz-plugin2 -- found version 2.0.4
[2.606s] -- Looking for gz-transport13 -- found version 13.4.1
[2.609s] -- Looking for gz-rendering8 -- found version 8.2.2
[2.609s] -- Searching for dependencies of gz-rendering8
[2.609s] -- Looking for gz-math7 -- found version 7.5.2
[2.610s] -- Searching for dependencies of gz-math7
[2.610s] -- Looking for gz-utils2 -- found version 2.2.1
[2.610s] -- Searching for <gz-math7> component [eigen3]
[2.613s] -- Looking for gz-math7-eigen3 -- found version 7.5.2
[2.614s] -- Searching for dependencies of gz-math7-eigen3
[2.625s] -- Looking for gz-common5 -- found version 5.7.1
[2.625s] -- Searching for dependencies of gz-common5
[2.626s] -- Looking for gz-utils2 -- found version 2.2.1
[2.626s] -- Looking for dlfcn.h - found
[2.626s] -- Looking for libdl - found
[2.632s] -- Searching for <gz-common5> component [graphics]
[2.632s] -- Searching for <gz-common5> component [events]
[2.632s] -- Searching for <gz-common5> component [geospatial]
[2.635s] -- Looking for gz-common5-geospatial -- found version 5.7.1
[2.635s] -- Searching for dependencies of gz-common5-geospatial
[2.635s] -- Looking for gz-math7 -- found version 7.5.2
[2.636s] -- Looking for gz-common5 -- found version 5.7.1
[2.637s] -- Looking for gz-plugin2 -- found version 2.0.4
[2.637s] -- Searching for dependencies of gz-plugin2
[2.638s] -- Looking for gz-utils2 -- found version 2.2.1
[2.638s] -- Searching for <gz-plugin2> component [all]
[2.640s] -- Looking for all libraries of gz-plugin2 -- found version 2.0.4
[2.641s] -- Looking for gz-plugin2 -- found version 2.0.4
[2.642s] -- Looking for gz-utils2 -- found version 2.2.1
[2.655s] -- Found OpenGL: /usr/lib/x86_64-linux-gnu/libOpenGL.so  found components: OpenGL 
[2.657s] -- Looking for gz-msgs10 -- found version 10.3.2
[2.704s] -- Looking for gz-physics7 -- found version 7.5.0
[2.704s] -- Searching for dependencies of gz-physics7
[2.705s] -- Looking for gz-common5 -- found version 5.7.1
[2.705s] -- Looking for gz-math7 -- found version 7.5.2
[2.705s] -- Looking for gz-plugin2 -- found version 2.0.4
[2.706s] -- Looking for gz-utils2 -- found version 2.2.1
[2.708s] -- Searching for <gz-physics7> component [heightmap]
[2.710s] -- Looking for gz-physics7-heightmap -- found version 7.5.0
[2.711s] -- Searching for dependencies of gz-physics7-heightmap
[2.711s] -- Looking for gz-common5 -- found version 5.7.1
[2.712s] -- Searching for <gz-physics7> component [mesh]
[2.714s] -- Looking for gz-physics7-mesh -- found version 7.5.0
[2.715s] -- Searching for dependencies of gz-physics7-mesh
[2.715s] -- Looking for gz-common5 -- found version 5.7.1
[2.716s] -- Searching for <gz-physics7> component [sdf]
[2.718s] -- Looking for gz-physics7-sdf -- found version 7.5.0
[2.718s] -- Searching for dependencies of gz-physics7-sdf
[2.718s] -- Looking for sdformat14 -- found version 14.8.0
[2.722s] -- Looking for gz-sensors8 -- found version 8.2.2
[2.722s] -- Searching for dependencies of gz-sensors8
[2.740s] -- Looking for gz-math7 -- found version 7.5.2
[2.741s] -- Looking for gz-common5 -- found version 5.7.1
[2.741s] -- Looking for gz-transport13 -- found version 13.4.1
[2.741s] -- Looking for gz-rendering8 -- found version 8.2.2
[2.742s] -- Looking for gz-msgs10 -- found version 10.3.2
[2.742s] -- Looking for sdformat14 -- found version 14.8.0
[2.744s] -- Searching for <gz-sensors8> component [air_pressure]
[2.746s] -- Looking for gz-sensors8-air_pressure -- found version 8.2.2
[2.746s] -- Searching for dependencies of gz-sensors8-air_pressure
[2.747s] -- Searching for <gz-sensors8> component [air_speed]
[2.749s] -- Looking for gz-sensors8-air_speed -- found version 8.2.2
[2.749s] -- Searching for dependencies of gz-sensors8-air_speed
[2.750s] -- Searching for <gz-sensors8> component [altimeter]
[2.752s] -- Looking for gz-sensors8-altimeter -- found version 8.2.2
[2.752s] -- Searching for dependencies of gz-sensors8-altimeter
[2.753s] -- Searching for <gz-sensors8> component [imu]
[2.756s] -- Looking for gz-sensors8-imu -- found version 8.2.2
[2.756s] -- Searching for dependencies of gz-sensors8-imu
[2.757s] -- Searching for <gz-sensors8> component [force_torque]
[2.759s] -- Looking for gz-sensors8-force_torque -- found version 8.2.2
[2.759s] -- Searching for dependencies of gz-sensors8-force_torque
[2.760s] -- Searching for <gz-sensors8> component [logical_camera]
[2.762s] -- Looking for gz-sensors8-logical_camera -- found version 8.2.2
[2.762s] -- Searching for dependencies of gz-sensors8-logical_camera
[2.763s] -- Searching for <gz-sensors8> component [magnetometer]
[2.765s] -- Looking for gz-sensors8-magnetometer -- found version 8.2.2
[2.765s] -- Searching for dependencies of gz-sensors8-magnetometer
[2.766s] -- Searching for <gz-sensors8> component [navsat]
[2.768s] -- Looking for gz-sensors8-navsat -- found version 8.2.2
[2.768s] -- Searching for dependencies of gz-sensors8-navsat
[2.769s] -- Searching for <gz-sensors8> component [dvl]
[2.771s] -- Looking for gz-sensors8-dvl -- found version 8.2.2
[2.771s] -- Searching for dependencies of gz-sensors8-dvl
[2.772s] -- Looking for gz-sensors8 -- found version 8.2.2
[2.772s] -- Searching for dependencies of gz-sensors8
[2.789s] -- Looking for gz-math7 -- found version 7.5.2
[2.789s] -- Looking for gz-common5 -- found version 5.7.1
[2.790s] -- Looking for gz-transport13 -- found version 13.4.1
[2.790s] -- Looking for gz-rendering8 -- found version 8.2.2
[2.790s] -- Looking for gz-msgs10 -- found version 10.3.2
[2.791s] -- Looking for sdformat14 -- found version 14.8.0
[2.791s] -- Searching for <gz-sensors8> component [rendering]
[2.793s] -- Looking for gz-sensors8-rendering -- found version 8.2.2
[2.793s] -- Searching for dependencies of gz-sensors8-rendering
[2.795s] -- Searching for <gz-sensors8> component [rendering]
[2.795s] -- Searching for <gz-sensors8> component [lidar]
[2.797s] -- Looking for gz-sensors8-lidar -- found version 8.2.2
[2.797s] -- Searching for dependencies of gz-sensors8-lidar
[2.798s] -- Looking for gz-sensors8 -- found version 8.2.2
[2.799s] -- Searching for <gz-sensors8> component [gpu_lidar]
[2.801s] -- Looking for gz-sensors8-gpu_lidar -- found version 8.2.2
[2.801s] -- Searching for dependencies of gz-sensors8-gpu_lidar
[2.801s] -- Looking for gz-sensors8 -- found version 8.2.2
[2.802s] -- Searching for <gz-sensors8> component [camera]
[2.804s] -- Looking for gz-sensors8-camera -- found version 8.2.2
[2.805s] -- Searching for dependencies of gz-sensors8-camera
[2.805s] -- Looking for gz-sensors8 -- found version 8.2.2
[2.806s] -- Searching for <gz-sensors8> component [boundingbox_camera]
[2.809s] -- Looking for gz-sensors8-boundingbox_camera -- found version 8.2.2
[2.809s] -- Searching for dependencies of gz-sensors8-boundingbox_camera
[2.810s] -- Searching for <gz-sensors8> component [segmentation_camera]
[2.812s] -- Looking for gz-sensors8-segmentation_camera -- found version 8.2.2
[2.812s] -- Searching for dependencies of gz-sensors8-segmentation_camera
[2.813s] -- Searching for <gz-sensors8> component [depth_camera]
[2.815s] -- Looking for gz-sensors8-depth_camera -- found version 8.2.2
[2.816s] -- Searching for dependencies of gz-sensors8-depth_camera
[2.816s] -- Looking for gz-sensors8 -- found version 8.2.2
[2.817s] -- Searching for <gz-sensors8> component [rgbd_camera]
[2.820s] -- Looking for gz-sensors8-rgbd_camera -- found version 8.2.2
[2.820s] -- Searching for dependencies of gz-sensors8-rgbd_camera
[2.820s] -- Looking for gz-sensors8 -- found version 8.2.2
[2.821s] -- Searching for <gz-sensors8> component [thermal_camera]
[2.823s] -- Looking for gz-sensors8-thermal_camera -- found version 8.2.2
[2.823s] -- Searching for dependencies of gz-sensors8-thermal_camera
[2.824s] -- Looking for gz-sensors8 -- found version 8.2.2
[2.825s] -- Searching for <gz-sensors8> component [wide_angle_camera]
[2.826s] -- Looking for gz-sensors8-wide_angle_camera -- found version 8.2.2
[2.827s] -- Searching for dependencies of gz-sensors8-wide_angle_camera
[2.828s] -- Looking for gz-rendering8 -- found version 8.2.2
[2.828s] -- Looking for gz-math7 -- found version 7.5.2
[2.829s] -- Looking for gz-utils2 -- found version 2.2.1
[2.849s] -- Looking for gz-plugin2 -- found version 2.0.4
[2.915s] -- Configuring done (2.6s)
[2.948s] -- Generating done (0.0s)
[2.955s] -- Build files have been written to: /root/ros_workspace/build/turtlebot3_gazebo
[2.966s] Invoked command in '/root/ros_workspace/build/turtlebot3_gazebo' returned '0': CMAKE_PREFIX_PATH=${CMAKE_PREFIX_PATH}:/opt/ros/jazzy /usr/bin/cmake /root/ros_workspace/src/turtlebot3_gazebo -DCMAKE_INSTALL_PREFIX=/root/ros_workspace/install/turtlebot3_gazebo
[2.967s] Invoking command in '/root/ros_workspace/build/turtlebot3_gazebo': CMAKE_PREFIX_PATH=${CMAKE_PREFIX_PATH}:/opt/ros/jazzy /usr/bin/cmake --build /root/ros_workspace/build/turtlebot3_gazebo -- -j20 -l20
[3.011s] [ 12%] [32mBuilding CXX object CMakeFiles/obstacle2.dir/src/obstacle2.cpp.o[0m
[3.016s] [ 25%] [32mBuilding CXX object CMakeFiles/obstacles.dir/src/obstacles.cpp.o[0m
[3.016s] [ 37%] [32mBuilding CXX object CMakeFiles/obstacle1.dir/src/obstacle1.cpp.o[0m
[3.017s] [ 50%] [32mBuilding CXX object CMakeFiles/turtlebot3_drive.dir/src/turtlebot3_drive.cpp.o[0m
[5.476s] [ 62%] [32m[1mLinking CXX shared library libobstacle1.so[0m
[5.477s] [ 75%] [32m[1mLinking CXX shared library libobstacle2.so[0m
[5.694s] [ 75%] Built target obstacle1
[5.701s] [ 75%] Built target obstacle2
[5.831s] [ 87%] [32m[1mLinking CXX shared library libobstacles.so[0m
[5.970s] [ 87%] Built target obstacles
[11.314s] [100%] [32m[1mLinking CXX executable turtlebot3_drive[0m
[11.594s] [100%] Built target turtlebot3_drive
[11.603s] Invoked command in '/root/ros_workspace/build/turtlebot3_gazebo' returned '0': CMAKE_PREFIX_PATH=${CMAKE_PREFIX_PATH}:/opt/ros/jazzy /usr/bin/cmake --build /root/ros_workspace/build/turtlebot3_gazebo -- -j20 -l20
[11.604s] Invoking command in '/root/ros_workspace/build/turtlebot3_gazebo': CMAKE_PREFIX_PATH=${CMAKE_PREFIX_PATH}:/opt/ros/jazzy /usr/bin/cmake --install /root/ros_workspace/build/turtlebot3_gazebo
[11.610s] -- Install configuration: ""
[11.611s] -- Installing: /root/ros_workspace/install/turtlebot3_gazebo/lib/turtlebot3_gazebo/turtlebot3_drive
[11.616s] -- Set non-toolchain portion of runtime path of "/root/ros_workspace/install/turtlebot3_gazebo/lib/turtlebot3_gazebo/turtlebot3_drive" to ""
[11.616s] -- Installing: /root/ros_workspace/install/turtlebot3_gazebo/lib/turtlebot3_gazebo/libobstacles.so
[11.617s] -- Set non-toolchain portion of runtime path of "/root/ros_workspace/install/turtlebot3_gazebo/lib/turtlebot3_gazebo/libobstacles.so" to ""
[11.617s] -- Installing: /root/ros_workspace/install/turtlebot3_gazebo/lib/turtlebot3_gazebo/libobstacle1.so
[11.617s] -- Set non-toolchain portion of runtime path of "/root/ros_workspace/install/turtlebot3_gazebo/lib/turtlebot3_gazebo/libobstacle1.so" to ""
[11.617s] -- Installing: /root/ros_workspace/install/turtlebot3_gazebo/lib/turtlebot3_gazebo/libobstacle2.so
[11.618s] -- Set non-toolchain portion of runtime path of "/root/ros_workspace/install/turtlebot3_gazebo/lib/turtlebot3_gazebo/libobstacle2.so" to ""
[11.618s] -- Installing: /root/ros_workspace/install/turtlebot3_gazebo/share/turtlebot3_gazebo//launch
[11.618s] -- Installing: /root/ros_workspace/install/turtlebot3_gazebo/share/turtlebot3_gazebo//launch/turtlebot3_dqn_stage1.launch.py
[11.618s] -- Installing: /root/ros_workspace/install/turtlebot3_gazebo/share/turtlebot3_gazebo//launch/spawn_turtlebot3.launch.py
[11.618s] -- Installing: /root/ros_workspace/install/turtlebot3_gazebo/share/turtlebot3_gazebo//launch/empty_world.launch.py
[11.618s] -- Installing: /root/ros_workspace/install/turtlebot3_gazebo/share/turtlebot3_gazebo//launch/turtlebot3_house.launch.py
[11.619s] -- Installing: /root/ros_workspace/install/turtlebot3_gazebo/share/turtlebot3_gazebo//launch/turtlebot3_dqn_stage3.launch.py
[11.619s] -- Installing: /root/ros_workspace/install/turtlebot3_gazebo/share/turtlebot3_gazebo//launch/robot_state_publisher.launch.py
[11.619s] -- Installing: /root/ros_workspace/install/turtlebot3_gazebo/share/turtlebot3_gazebo//launch/turtlebot3_dqn_stage4.launch.py
[11.619s] -- Installing: /root/ros_workspace/install/turtlebot3_gazebo/share/turtlebot3_gazebo//launch/turtlebot3_dqn_stage2.launch.py
[11.619s] -- Installing: /root/ros_workspace/install/turtlebot3_gazebo/share/turtlebot3_gazebo//launch/turtlebot3_world.launch.py
[11.619s] -- Installing: /root/ros_workspace/install/turtlebot3_gazebo/share/turtlebot3_gazebo//models
[11.619s] -- Installing: /root/ros_workspace/install/turtlebot3_gazebo/share/turtlebot3_gazebo//models/turtlebot3_burger
[11.619s] -- Installing: /root/ros_workspace/install/turtlebot3_gazebo/share/turtlebot3_gazebo//models/turtlebot3_burger/model.config
[11.619s] -- Installing: /root/ros_workspace/install/turtlebot3_gazebo/share/turtlebot3_gazebo//models/turtlebot3_burger/model.sdf
[11.620s] -- Installing: /root/ros_workspace/install/turtlebot3_gazebo/share/turtlebot3_gazebo//models/turtlebot3_burger/model-1_4.sdf
[11.620s] -- Installing: /root/ros_workspace/install/turtlebot3_gazebo/share/turtlebot3_gazebo//models/turtlebot3_house
[11.620s] -- Installing: /root/ros_workspace/install/turtlebot3_gazebo/share/turtlebot3_gazebo//models/turtlebot3_house/model.config
[11.620s] -- Installing: /root/ros_workspace/install/turtlebot3_gazebo/share/turtlebot3_gazebo//models/turtlebot3_house/first_2015_trash_can
[11.620s] -- Installing: /root/ros_workspace/install/turtlebot3_gazebo/share/turtlebot3_gazebo//models/turtlebot3_house/first_2015_trash_can/model.config
[11.620s] -- Installing: /root/ros_workspace/install/turtlebot3_gazebo/share/turtlebot3_gazebo//models/turtlebot3_house/first_2015_trash_can/meshes
[11.620s] -- Installing: /root/ros_workspace/install/turtlebot3_gazebo/share/turtlebot3_gazebo//models/turtlebot3_house/first_2015_trash_can/meshes/trash_can.dae
[11.620s] -- Installing: /root/ros_workspace/install/turtlebot3_gazebo/share/turtlebot3_gazebo//models/turtlebot3_house/first_2015_trash_can/model.sdf
[11.621s] -- Installing: /root/ros_workspace/install/turtlebot3_gazebo/share/turtlebot3_gazebo//models/turtlebot3_house/table_marble
[11.621s] -- Installing: /root/ros_workspace/install/turtlebot3_gazebo/share/turtlebot3_gazebo//models/turtlebot3_house/table_marble/model.config
[11.621s] -- Installing: /root/ros_workspace/install/turtlebot3_gazebo/share/turtlebot3_gazebo//models/turtlebot3_house/table_marble/meshes
[11.621s] -- Installing: /root/ros_workspace/install/turtlebot3_gazebo/share/turtlebot3_gazebo//models/turtlebot3_house/table_marble/meshes/table_lightmap.dae
[11.621s] -- Installing: /root/ros_workspace/install/turtlebot3_gazebo/share/turtlebot3_gazebo//models/turtlebot3_house/table_marble/model.sdf
[11.621s] -- Installing: /root/ros_workspace/install/turtlebot3_gazebo/share/turtlebot3_gazebo//models/turtlebot3_house/table_marble/materials
[11.621s] -- Installing: /root/ros_workspace/install/turtlebot3_gazebo/share/turtlebot3_gazebo//models/turtlebot3_house/table_marble/materials/textures
[11.621s] -- Installing: /root/ros_workspace/install/turtlebot3_gazebo/share/turtlebot3_gazebo//models/turtlebot3_house/table_marble/materials/textures/table_lightmap.png
[11.622s] -- Installing: /root/ros_workspace/install/turtlebot3_gazebo/share/turtlebot3_gazebo//models/turtlebot3_house/table_marble/materials/textures/marble.png
[11.622s] -- Installing: /root/ros_workspace/install/turtlebot3_gazebo/share/turtlebot3_gazebo//models/turtlebot3_house/table_marble/materials/scripts
[11.622s] -- Installing: /root/ros_workspace/install/turtlebot3_gazebo/share/turtlebot3_gazebo//models/turtlebot3_house/table_marble/materials/scripts/table_lightmap.material
[11.622s] -- Installing: /root/ros_workspace/install/turtlebot3_gazebo/share/turtlebot3_gazebo//models/turtlebot3_house/table_marble/model-1_4.sdf
[11.622s] -- Installing: /root/ros_workspace/install/turtlebot3_gazebo/share/turtlebot3_gazebo//models/turtlebot3_house/model.sdf
[11.622s] -- Installing: /root/ros_workspace/install/turtlebot3_gazebo/share/turtlebot3_gazebo//models/turtlebot3_house/textures
[11.622s] -- Installing: /root/ros_workspace/install/turtlebot3_gazebo/share/turtlebot3_gazebo//models/turtlebot3_house/textures/wood.png
[11.622s] -- Installing: /root/ros_workspace/install/turtlebot3_gazebo/share/turtlebot3_gazebo//models/turtlebot3_house/textures/bricks.png
[11.624s] -- Installing: /root/ros_workspace/install/turtlebot3_gazebo/share/turtlebot3_gazebo//models/turtlebot3_house/cafe_table
[11.624s] -- Installing: /root/ros_workspace/install/turtlebot3_gazebo/share/turtlebot3_gazebo//models/turtlebot3_house/cafe_table/model.config
[11.624s] -- Installing: /root/ros_workspace/install/turtlebot3_gazebo/share/turtlebot3_gazebo//models/turtlebot3_house/cafe_table/meshes
[11.624s] -- Installing: /root/ros_workspace/install/turtlebot3_gazebo/share/turtlebot3_gazebo//models/turtlebot3_house/cafe_table/meshes/cafe_table.dae
[11.624s] -- Installing: /root/ros_workspace/install/turtlebot3_gazebo/share/turtlebot3_gazebo//models/turtlebot3_house/cafe_table/model.sdf
[11.624s] -- Installing: /root/ros_workspace/install/turtlebot3_gazebo/share/turtlebot3_gazebo//models/turtlebot3_house/cafe_table/materials
[11.624s] -- Installing: /root/ros_workspace/install/turtlebot3_gazebo/share/turtlebot3_gazebo//models/turtlebot3_house/cafe_table/materials/textures
[11.624s] -- Installing: /root/ros_workspace/install/turtlebot3_gazebo/share/turtlebot3_gazebo//models/turtlebot3_house/cafe_table/materials/textures/Wood_Floor_Dark.jpg
[11.624s] -- Installing: /root/ros_workspace/install/turtlebot3_gazebo/share/turtlebot3_gazebo//models/turtlebot3_house/cafe_table/materials/textures/Maple.jpg
[11.624s] -- Installing: /root/ros_workspace/install/turtlebot3_gazebo/share/turtlebot3_gazebo//models/turtlebot3_house/cafe_table/model-1_4.sdf
[11.625s] -- Installing: /root/ros_workspace/install/turtlebot3_gazebo/share/turtlebot3_gazebo//models/turtlebot3_house/mailbox
[11.625s] -- Installing: /root/ros_workspace/install/turtlebot3_gazebo/share/turtlebot3_gazebo//models/turtlebot3_house/mailbox/model.config
[11.625s] -- Installing: /root/ros_workspace/install/turtlebot3_gazebo/share/turtlebot3_gazebo//models/turtlebot3_house/mailbox/meshes
[11.625s] -- Installing: /root/ros_workspace/install/turtlebot3_gazebo/share/turtlebot3_gazebo//models/turtlebot3_house/mailbox/meshes/mailbox.dae
[11.625s] -- Installing: /root/ros_workspace/install/turtlebot3_gazebo/share/turtlebot3_gazebo//models/turtlebot3_house/mailbox/model.sdf
[11.625s] -- Installing: /root/ros_workspace/install/turtlebot3_gazebo/share/turtlebot3_gazebo//models/turtlebot3_house/mailbox/materials
[11.625s] -- Installing: /root/ros_workspace/install/turtlebot3_gazebo/share/turtlebot3_gazebo//models/turtlebot3_house/mailbox/materials/textures
[11.625s] -- Installing: /root/ros_workspace/install/turtlebot3_gazebo/share/turtlebot3_gazebo//models/turtlebot3_house/mailbox/materials/textures/Mailbox_Spec.png
[11.625s] -- Installing: /root/ros_workspace/install/turtlebot3_gazebo/share/turtlebot3_gazebo//models/turtlebot3_house/mailbox/materials/textures/Mailbox_Diffuse.png
[11.625s] -- Installing: /root/ros_workspace/install/turtlebot3_gazebo/share/turtlebot3_gazebo//models/turtlebot3_house/mailbox/materials/textures/Mailbox_Diffuse.tga.orig
[11.626s] -- Installing: /root/ros_workspace/install/turtlebot3_gazebo/share/turtlebot3_gazebo//models/turtlebot3_house/mailbox/materials/scripts
[11.626s] -- Installing: /root/ros_workspace/install/turtlebot3_gazebo/share/turtlebot3_gazebo//models/turtlebot3_house/mailbox/materials/scripts/mailbox.material
[11.626s] -- Installing: /root/ros_workspace/install/turtlebot3_gazebo/share/turtlebot3_gazebo//models/turtlebot3_house/mailbox/model-1_4.sdf
[11.626s] -- Installing: /root/ros_workspace/install/turtlebot3_gazebo/share/turtlebot3_gazebo//models/turtlebot3_house/mailbox/model-1_3.sdf
[11.626s] -- Installing: /root/ros_workspace/install/turtlebot3_gazebo/share/turtlebot3_gazebo//models/turtlebot3_world
[11.626s] -- Installing: /root/ros_workspace/install/turtlebot3_gazebo/share/turtlebot3_gazebo//models/turtlebot3_world/model.config
[11.626s] -- Installing: /root/ros_workspace/install/turtlebot3_gazebo/share/turtlebot3_gazebo//models/turtlebot3_world/meshes
[11.627s] -- Installing: /root/ros_workspace/install/turtlebot3_gazebo/share/turtlebot3_gazebo//models/turtlebot3_world/meshes/wall.dae
[11.627s] -- Installing: /root/ros_workspace/install/turtlebot3_gazebo/share/turtlebot3_gazebo//models/turtlebot3_world/meshes/hexagon.dae
[11.627s] -- Installing: /root/ros_workspace/install/turtlebot3_gazebo/share/turtlebot3_gazebo//models/turtlebot3_world/model.sdf
[11.627s] -- Installing: /root/ros_workspace/install/turtlebot3_gazebo/share/turtlebot3_gazebo//models/turtlebot3_world/model-1_4.sdf
[11.627s] -- Installing: /root/ros_workspace/install/turtlebot3_gazebo/share/turtlebot3_gazebo//models/turtlebot3_waffle
[11.627s] -- Installing: /root/ros_workspace/install/turtlebot3_gazebo/share/turtlebot3_gazebo//models/turtlebot3_waffle/model.config
[11.627s] -- Installing: /root/ros_workspace/install/turtlebot3_gazebo/share/turtlebot3_gazebo//models/turtlebot3_waffle/model.sdf
[11.627s] -- Installing: /root/ros_workspace/install/turtlebot3_gazebo/share/turtlebot3_gazebo//models/turtlebot3_waffle/model-1_4.sdf
[11.627s] -- Installing: /root/ros_workspace/install/turtlebot3_gazebo/share/turtlebot3_gazebo//models/turtlebot3_common
[11.627s] -- Installing: /root/ros_workspace/install/turtlebot3_gazebo/share/turtlebot3_gazebo//models/turtlebot3_common/model.config
[11.627s] -- Installing: /root/ros_workspace/install/turtlebot3_gazebo/share/turtlebot3_gazebo//models/turtlebot3_common/meshes
[11.627s] -- Installing: /root/ros_workspace/install/turtlebot3_gazebo/share/turtlebot3_gazebo//models/turtlebot3_common/meshes/sensors
[11.627s] -- Installing: /root/ros_workspace/install/turtlebot3_gazebo/share/turtlebot3_gazebo//models/turtlebot3_common/meshes/sensors/lds.stl
[11.628s] -- Installing: /root/ros_workspace/install/turtlebot3_gazebo/share/turtlebot3_gazebo//models/turtlebot3_common/meshes/sensors/r200.jpg
[11.628s] -- Installing: /root/ros_workspace/install/turtlebot3_gazebo/share/turtlebot3_gazebo//models/turtlebot3_common/meshes/sensors/astra.dae
[11.632s] -- Installing: /root/ros_workspace/install/turtlebot3_gazebo/share/turtlebot3_gazebo//models/turtlebot3_common/meshes/sensors/astra.jpg
[11.632s] -- Installing: /root/ros_workspace/install/turtlebot3_gazebo/share/turtlebot3_gazebo//models/turtlebot3_common/meshes/sensors/r200.dae
[11.633s] -- Installing: /root/ros_workspace/install/turtlebot3_gazebo/share/turtlebot3_gazebo//models/turtlebot3_common/meshes/waffle_base.dae
[11.633s] -- Installing: /root/ros_workspace/install/turtlebot3_gazebo/share/turtlebot3_gazebo//models/turtlebot3_common/meshes/burger_base.dae
[11.633s] -- Installing: /root/ros_workspace/install/turtlebot3_gazebo/share/turtlebot3_gazebo//models/turtlebot3_common/meshes/tire.dae
[11.633s] -- Installing: /root/ros_workspace/install/turtlebot3_gazebo/share/turtlebot3_gazebo//models/turtlebot3_common/meshes/wheels
[11.633s] -- Installing: /root/ros_workspace/install/turtlebot3_gazebo/share/turtlebot3_gazebo//models/turtlebot3_common/meshes/wheels/right_tire.stl
[11.634s] -- Installing: /root/ros_workspace/install/turtlebot3_gazebo/share/turtlebot3_gazebo//models/turtlebot3_common/meshes/wheels/left_tire.stl
[11.634s] -- Installing: /root/ros_workspace/install/turtlebot3_gazebo/share/turtlebot3_gazebo//models/turtlebot3_common/meshes/waffle_pi_base.dae
[11.634s] -- Installing: /root/ros_workspace/install/turtlebot3_gazebo/share/turtlebot3_gazebo//models/turtlebot3_common/meshes/bases
[11.634s] -- Installing: /root/ros_workspace/install/turtlebot3_gazebo/share/turtlebot3_gazebo//models/turtlebot3_common/meshes/bases/burger_base.stl
[11.637s] -- Installing: /root/ros_workspace/install/turtlebot3_gazebo/share/turtlebot3_gazebo//models/turtlebot3_common/meshes/bases/waffle_base.stl
[11.646s] -- Installing: /root/ros_workspace/install/turtlebot3_gazebo/share/turtlebot3_gazebo//models/turtlebot3_common/meshes/bases/waffle_pi_base.stl
[11.650s] -- Installing: /root/ros_workspace/install/turtlebot3_gazebo/share/turtlebot3_gazebo//models/turtlebot3_common/meshes/lds.dae
[11.650s] -- Installing: /root/ros_workspace/install/turtlebot3_gazebo/share/turtlebot3_gazebo//models/turtlebot3_common/meshes/r200.dae
[11.650s] -- Installing: /root/ros_workspace/install/turtlebot3_gazebo/share/turtlebot3_gazebo//models/turtlebot3_waffle_pi
[11.650s] -- Installing: /root/ros_workspace/install/turtlebot3_gazebo/share/turtlebot3_gazebo//models/turtlebot3_waffle_pi/model.config
[11.650s] -- Installing: /root/ros_workspace/install/turtlebot3_gazebo/share/turtlebot3_gazebo//models/turtlebot3_waffle_pi/model.sdf
[11.651s] -- Installing: /root/ros_workspace/install/turtlebot3_gazebo/share/turtlebot3_gazebo//models/turtlebot3_waffle_pi/model-1_4_.sdf
[11.651s] -- Installing: /root/ros_workspace/install/turtlebot3_gazebo/share/turtlebot3_gazebo//models/turtlebot3_burger_cam
[11.651s] -- Installing: /root/ros_workspace/install/turtlebot3_gazebo/share/turtlebot3_gazebo//models/turtlebot3_burger_cam/model.config
[11.651s] -- Installing: /root/ros_workspace/install/turtlebot3_gazebo/share/turtlebot3_gazebo//models/turtlebot3_burger_cam/model.sdf
[11.651s] -- Installing: /root/ros_workspace/install/turtlebot3_gazebo/share/turtlebot3_gazebo//models/turtlebot3_burger_cam/model-1_4.sdf
[11.651s] -- Installing: /root/ros_workspace/install/turtlebot3_gazebo/share/turtlebot3_gazebo//models/turtlebot3_dqn_world
[11.651s] -- Installing: /root/ros_workspace/install/turtlebot3_gazebo/share/turtlebot3_gazebo//models/turtlebot3_dqn_world/model.config
[11.651s] -- Installing: /root/ros_workspace/install/turtlebot3_gazebo/share/turtlebot3_gazebo//models/turtlebot3_dqn_world/obstacle1
[11.651s] -- Installing: /root/ros_workspace/install/turtlebot3_gazebo/share/turtlebot3_gazebo//models/turtlebot3_dqn_world/obstacle1/model.config
[11.651s] -- Installing: /root/ros_workspace/install/turtlebot3_gazebo/share/turtlebot3_gazebo//models/turtlebot3_dqn_world/obstacle1/model.sdf
[11.651s] -- Installing: /root/ros_workspace/install/turtlebot3_gazebo/share/turtlebot3_gazebo//models/turtlebot3_dqn_world/inner_walls
[11.651s] -- Installing: /root/ros_workspace/install/turtlebot3_gazebo/share/turtlebot3_gazebo//models/turtlebot3_dqn_world/inner_walls/model.config
[11.652s] -- Installing: /root/ros_workspace/install/turtlebot3_gazebo/share/turtlebot3_gazebo//models/turtlebot3_dqn_world/inner_walls/model.sdf
[11.652s] -- Installing: /root/ros_workspace/install/turtlebot3_gazebo/share/turtlebot3_gazebo//models/turtlebot3_dqn_world/inner_walls/textures
[11.652s] -- Installing: /root/ros_workspace/install/turtlebot3_gazebo/share/turtlebot3_gazebo//models/turtlebot3_dqn_world/inner_walls/textures/wood.png
[11.652s] -- Installing: /root/ros_workspace/install/turtlebot3_gazebo/share/turtlebot3_gazebo//models/turtlebot3_dqn_world/goal_box
[11.652s] -- Installing: /root/ros_workspace/install/turtlebot3_gazebo/share/turtlebot3_gazebo//models/turtlebot3_dqn_world/goal_box/model.config
[11.652s] -- Installing: /root/ros_workspace/install/turtlebot3_gazebo/share/turtlebot3_gazebo//models/turtlebot3_dqn_world/goal_box/model.sdf
[11.652s] -- Installing: /root/ros_workspace/install/turtlebot3_gazebo/share/turtlebot3_gazebo//models/turtlebot3_dqn_world/model.sdf
[11.652s] -- Installing: /root/ros_workspace/install/turtlebot3_gazebo/share/turtlebot3_gazebo//models/turtlebot3_dqn_world/textures
[11.652s] -- Installing: /root/ros_workspace/install/turtlebot3_gazebo/share/turtlebot3_gazebo//models/turtlebot3_dqn_world/textures/wood.png
[11.652s] -- Installing: /root/ros_workspace/install/turtlebot3_gazebo/share/turtlebot3_gazebo//models/turtlebot3_dqn_world/obstacle2
[11.653s] -- Installing: /root/ros_workspace/install/turtlebot3_gazebo/share/turtlebot3_gazebo//models/turtlebot3_dqn_world/obstacle2/model.config
[11.653s] -- Installing: /root/ros_workspace/install/turtlebot3_gazebo/share/turtlebot3_gazebo//models/turtlebot3_dqn_world/obstacle2/model.sdf
[11.653s] -- Installing: /root/ros_workspace/install/turtlebot3_gazebo/share/turtlebot3_gazebo//models/turtlebot3_dqn_world/obstacles
[11.653s] -- Installing: /root/ros_workspace/install/turtlebot3_gazebo/share/turtlebot3_gazebo//models/turtlebot3_dqn_world/obstacles/model.config
[11.653s] -- Installing: /root/ros_workspace/install/turtlebot3_gazebo/share/turtlebot3_gazebo//models/turtlebot3_dqn_world/obstacles/model.sdf
[11.653s] -- Installing: /root/ros_workspace/install/turtlebot3_gazebo/share/turtlebot3_gazebo//params
[11.653s] -- Installing: /root/ros_workspace/install/turtlebot3_gazebo/share/turtlebot3_gazebo//params/turtlebot3_waffle_bridge.yaml
[11.653s] -- Installing: /root/ros_workspace/install/turtlebot3_gazebo/share/turtlebot3_gazebo//params/turtlebot3_burger_cam_bridge.yaml
[11.653s] -- Installing: /root/ros_workspace/install/turtlebot3_gazebo/share/turtlebot3_gazebo//params/turtlebot3_waffle_pi_bridge.yaml
[11.653s] -- Installing: /root/ros_workspace/install/turtlebot3_gazebo/share/turtlebot3_gazebo//params/turtlebot3_burger_bridge.yaml
[11.653s] -- Installing: /root/ros_workspace/install/turtlebot3_gazebo/share/turtlebot3_gazebo//rviz
[11.653s] -- Installing: /root/ros_workspace/install/turtlebot3_gazebo/share/turtlebot3_gazebo//rviz/tb3_gazebo.rviz
[11.653s] -- Installing: /root/ros_workspace/install/turtlebot3_gazebo/share/turtlebot3_gazebo//urdf
[11.654s] -- Installing: /root/ros_workspace/install/turtlebot3_gazebo/share/turtlebot3_gazebo//urdf/common_properties.urdf
[11.654s] -- Installing: /root/ros_workspace/install/turtlebot3_gazebo/share/turtlebot3_gazebo//urdf/turtlebot3_burger.urdf
[11.654s] -- Installing: /root/ros_workspace/install/turtlebot3_gazebo/share/turtlebot3_gazebo//urdf/turtlebot3_waffle_pi.urdf
[11.654s] -- Installing: /root/ros_workspace/install/turtlebot3_gazebo/share/turtlebot3_gazebo//urdf/turtlebot3_burger_cam.urdf
[11.654s] -- Installing: /root/ros_workspace/install/turtlebot3_gazebo/share/turtlebot3_gazebo//urdf/turtlebot3_waffle.urdf
[11.654s] -- Installing: /root/ros_workspace/install/turtlebot3_gazebo/share/turtlebot3_gazebo//worlds
[11.654s] -- Installing: /root/ros_workspace/install/turtlebot3_gazebo/share/turtlebot3_gazebo//worlds/turtlebot3_dqn_stage3.world
[11.654s] -- Installing: /root/ros_workspace/install/turtlebot3_gazebo/share/turtlebot3_gazebo//worlds/turtlebot3_dynamic_obstacles.world
[11.654s] -- Installing: /root/ros_workspace/install/turtlebot3_gazebo/share/turtlebot3_gazebo//worlds/empty_world.world
[11.655s] -- Installing: /root/ros_workspace/install/turtlebot3_gazebo/share/turtlebot3_gazebo//worlds/turtlebot3_world.world
[11.655s] -- Installing: /root/ros_workspace/install/turtlebot3_gazebo/share/turtlebot3_gazebo//worlds/turtlebot3_autorace_2020.world
[11.655s] -- Installing: /root/ros_workspace/install/turtlebot3_gazebo/share/turtlebot3_gazebo//worlds/turtlebot3_dqn_stage4.world
[11.655s] -- Installing: /root/ros_workspace/install/turtlebot3_gazebo/share/turtlebot3_gazebo//worlds/turtlebot3_dqn_stage2.world
[11.655s] -- Installing: /root/ros_workspace/install/turtlebot3_gazebo/share/turtlebot3_gazebo//worlds/turtlebot3_house.world
[11.655s] -- Installing: /root/ros_workspace/install/turtlebot3_gazebo/share/turtlebot3_gazebo//worlds/turtlebot3_dqn_stage1.world
[11.655s] -- Installing: /root/ros_workspace/install/turtlebot3_gazebo/include/
[11.656s] -- Installing: /root/ros_workspace/install/turtlebot3_gazebo/include//turtlebot3_gazebo
[11.656s] -- Installing: /root/ros_workspace/install/turtlebot3_gazebo/include//turtlebot3_gazebo/obstacles.hpp
[11.656s] -- Installing: /root/ros_workspace/install/turtlebot3_gazebo/include//turtlebot3_gazebo/turtlebot3_drive.hpp
[11.656s] -- Installing: /root/ros_workspace/install/turtlebot3_gazebo/include//turtlebot3_gazebo/obstacle1.hpp
[11.656s] -- Installing: /root/ros_workspace/install/turtlebot3_gazebo/include//turtlebot3_gazebo/traffic_light_plugin.hpp
[11.656s] -- Installing: /root/ros_workspace/install/turtlebot3_gazebo/include//turtlebot3_gazebo/obstacle2.hpp
[11.656s] -- Installing: /root/ros_workspace/install/turtlebot3_gazebo/include//turtlebot3_gazebo/traffic_bar_plugin.hpp
[11.657s] -- Installing: /root/ros_workspace/install/turtlebot3_gazebo/share/ament_index/resource_index/package_run_dependencies/turtlebot3_gazebo
[11.657s] -- Installing: /root/ros_workspace/install/turtlebot3_gazebo/share/ament_index/resource_index/parent_prefix_path/turtlebot3_gazebo
[11.657s] -- Installing: /root/ros_workspace/install/turtlebot3_gazebo/share/turtlebot3_gazebo/environment/ament_prefix_path.sh
[11.657s] -- Installing: /root/ros_workspace/install/turtlebot3_gazebo/share/turtlebot3_gazebo/environment/ament_prefix_path.dsv
[11.657s] -- Installing: /root/ros_workspace/install/turtlebot3_gazebo/share/turtlebot3_gazebo/environment/path.sh
[11.657s] -- Installing: /root/ros_workspace/install/turtlebot3_gazebo/share/turtlebot3_gazebo/environment/path.dsv
[11.657s] -- Installing: /root/ros_workspace/install/turtlebot3_gazebo/share/turtlebot3_gazebo/local_setup.bash
[11.657s] -- Installing: /root/ros_workspace/install/turtlebot3_gazebo/share/turtlebot3_gazebo/local_setup.sh
[11.657s] -- Installing: /root/ros_workspace/install/turtlebot3_gazebo/share/turtlebot3_gazebo/local_setup.zsh
[11.657s] -- Installing: /root/ros_workspace/install/turtlebot3_gazebo/share/turtlebot3_gazebo/local_setup.dsv
[11.658s] -- Installing: /root/ros_workspace/install/turtlebot3_gazebo/share/turtlebot3_gazebo/package.dsv
[11.658s] -- Installing: /root/ros_workspace/install/turtlebot3_gazebo/share/ament_index/resource_index/packages/turtlebot3_gazebo
[11.658s] -- Installing: /root/ros_workspace/install/turtlebot3_gazebo/share/turtlebot3_gazebo/cmake/ament_cmake_export_include_directories-extras.cmake
[11.658s] -- Installing: /root/ros_workspace/install/turtlebot3_gazebo/share/turtlebot3_gazebo/cmake/ament_cmake_export_dependencies-extras.cmake
[11.658s] -- Installing: /root/ros_workspace/install/turtlebot3_gazebo/share/turtlebot3_gazebo/cmake/turtlebot3_gazeboConfig.cmake
[11.658s] -- Installing: /root/ros_workspace/install/turtlebot3_gazebo/share/turtlebot3_gazebo/cmake/turtlebot3_gazeboConfig-version.cmake
[11.658s] -- Installing: /root/ros_workspace/install/turtlebot3_gazebo/share/turtlebot3_gazebo/package.xml
[11.660s] Invoked command in '/root/ros_workspace/build/turtlebot3_gazebo' returned '0': CMAKE_PREFIX_PATH=${CMAKE_PREFIX_PATH}:/opt/ros/jazzy /usr/bin/cmake --install /root/ros_workspace/build/turtlebot3_gazebo
