[0.478s] Invoking command in '/root/ros_workspace/src/obstacle_fusion': CMAKE_PREFIX_PATH=/root/ros_workspace/install/dynamic_obstacle_detector_interfaces:/root/ros_workspace/install/turtlebot3_gazebo:/opt/ros/jazzy/opt/gz_sim_vendor:/opt/ros/jazzy/opt/gz_sensors_vendor:/opt/ros/jazzy/opt/gz_physics_vendor:/opt/ros/jazzy/opt/sdformat_vendor:/opt/ros/jazzy/opt/gz_gui_vendor:/opt/ros/jazzy/opt/gz_transport_vendor:/opt/ros/jazzy/opt/gz_rendering_vendor:/opt/ros/jazzy/opt/gz_plugin_vendor:/opt/ros/jazzy/opt/gz_fuel_tools_vendor:/opt/ros/jazzy/opt/gz_msgs_vendor:/opt/ros/jazzy/opt/gz_common_vendor:/opt/ros/jazzy/opt/gz_math_vendor:/opt/ros/jazzy/opt/gz_utils_vendor:/opt/ros/jazzy/opt/gz_tools_vendor:/opt/ros/jazzy/opt/gz_ogre_next_vendor:/opt/ros/jazzy/opt/gz_dartsim_vendor:/opt/ros/jazzy/opt/gz_cmake_vendor PYTHONPATH=/root/ros_workspace/build/obstacle_fusion/prefix_override:/usr/lib/python3/dist-packages/colcon_core/task/python/colcon_distutils_commands:/root/ros_workspace/install/obstacle_fusion/lib/python3.12/site-packages:/root/ros_workspace/install/dynamic_obstacle_detector_interfaces/lib/python3.12/site-packages:/root/ros_workspace/install/slam_multi_robot/lib/python3.12/site-packages:/root/ros_workspace/install/obstacle_fusion/lib/python3.12/site-packages:/root/ros_workspace/install/multi_robot_bringup/lib/python3.12/site-packages:/root/ros_workspace/install/merging_pkg/lib/python3.12/site-packages:/root/ros_workspace/install/dynamic_obstacle_detector/lib/python3.12/site-packages:/opt/ros/jazzy/lib/python3.12/site-packages /usr/bin/python3 -W ignore:setup.py install is deprecated -W ignore:easy_install command is deprecated setup.py egg_info --egg-base ../../build/obstacle_fusion build --build-base /root/ros_workspace/build/obstacle_fusion/build install --record /root/ros_workspace/build/obstacle_fusion/install.log --single-version-externally-managed install_data
[0.636s] running egg_info
[0.637s] creating ../../build/obstacle_fusion/obstacle_fusion.egg-info
[0.646s] writing ../../build/obstacle_fusion/obstacle_fusion.egg-info/PKG-INFO
[0.646s] writing dependency_links to ../../build/obstacle_fusion/obstacle_fusion.egg-info/dependency_links.txt
[0.646s] writing entry points to ../../build/obstacle_fusion/obstacle_fusion.egg-info/entry_points.txt
[0.646s] writing requirements to ../../build/obstacle_fusion/obstacle_fusion.egg-info/requires.txt
[0.646s] writing top-level names to ../../build/obstacle_fusion/obstacle_fusion.egg-info/top_level.txt
[0.647s] writing manifest file '../../build/obstacle_fusion/obstacle_fusion.egg-info/SOURCES.txt'
[0.667s] reading manifest file '../../build/obstacle_fusion/obstacle_fusion.egg-info/SOURCES.txt'
[0.667s] writing manifest file '../../build/obstacle_fusion/obstacle_fusion.egg-info/SOURCES.txt'
[0.667s] running build
[0.667s] running build_py
[0.667s] creating /root/ros_workspace/build/obstacle_fusion/build
[0.668s] creating /root/ros_workspace/build/obstacle_fusion/build/lib
[0.668s] creating /root/ros_workspace/build/obstacle_fusion/build/lib/obstacle_fusion
[0.668s] copying obstacle_fusion/fusion_node.py -> /root/ros_workspace/build/obstacle_fusion/build/lib/obstacle_fusion
[0.670s] copying obstacle_fusion/__init__.py -> /root/ros_workspace/build/obstacle_fusion/build/lib/obstacle_fusion
[0.670s] running install
[0.675s] running install_lib
[0.684s] creating /root/ros_workspace/install/obstacle_fusion/lib/python3.12/site-packages/obstacle_fusion
[0.684s] copying /root/ros_workspace/build/obstacle_fusion/build/lib/obstacle_fusion/fusion_node.py -> /root/ros_workspace/install/obstacle_fusion/lib/python3.12/site-packages/obstacle_fusion
[0.684s] copying /root/ros_workspace/build/obstacle_fusion/build/lib/obstacle_fusion/__init__.py -> /root/ros_workspace/install/obstacle_fusion/lib/python3.12/site-packages/obstacle_fusion
[0.684s] byte-compiling /root/ros_workspace/install/obstacle_fusion/lib/python3.12/site-packages/obstacle_fusion/fusion_node.py to fusion_node.cpython-312.pyc
[0.691s] byte-compiling /root/ros_workspace/install/obstacle_fusion/lib/python3.12/site-packages/obstacle_fusion/__init__.py to __init__.cpython-312.pyc
[0.691s] running install_data
[0.691s] creating /root/ros_workspace/install/obstacle_fusion/share/ament_index
[0.691s] creating /root/ros_workspace/install/obstacle_fusion/share/ament_index/resource_index
[0.691s] creating /root/ros_workspace/install/obstacle_fusion/share/ament_index/resource_index/packages
[0.691s] copying resource/obstacle_fusion -> /root/ros_workspace/install/obstacle_fusion/share/ament_index/resource_index/packages
[0.691s] copying package.xml -> /root/ros_workspace/install/obstacle_fusion/share/obstacle_fusion
[0.691s] running install_egg_info
[0.703s] Copying ../../build/obstacle_fusion/obstacle_fusion.egg-info to /root/ros_workspace/install/obstacle_fusion/lib/python3.12/site-packages/obstacle_fusion-0.0.0-py3.12.egg-info
[0.703s] running install_scripts
[0.776s] Installing fusion_node script to /root/ros_workspace/install/obstacle_fusion/lib/obstacle_fusion
[0.776s] Installing prediction_to_costmap_node script to /root/ros_workspace/install/obstacle_fusion/lib/obstacle_fusion
[0.776s] writing list of installed files to '/root/ros_workspace/build/obstacle_fusion/install.log'
[0.797s] Invoked command in '/root/ros_workspace/src/obstacle_fusion' returned '0': CMAKE_PREFIX_PATH=/root/ros_workspace/install/dynamic_obstacle_detector_interfaces:/root/ros_workspace/install/turtlebot3_gazebo:/opt/ros/jazzy/opt/gz_sim_vendor:/opt/ros/jazzy/opt/gz_sensors_vendor:/opt/ros/jazzy/opt/gz_physics_vendor:/opt/ros/jazzy/opt/sdformat_vendor:/opt/ros/jazzy/opt/gz_gui_vendor:/opt/ros/jazzy/opt/gz_transport_vendor:/opt/ros/jazzy/opt/gz_rendering_vendor:/opt/ros/jazzy/opt/gz_plugin_vendor:/opt/ros/jazzy/opt/gz_fuel_tools_vendor:/opt/ros/jazzy/opt/gz_msgs_vendor:/opt/ros/jazzy/opt/gz_common_vendor:/opt/ros/jazzy/opt/gz_math_vendor:/opt/ros/jazzy/opt/gz_utils_vendor:/opt/ros/jazzy/opt/gz_tools_vendor:/opt/ros/jazzy/opt/gz_ogre_next_vendor:/opt/ros/jazzy/opt/gz_dartsim_vendor:/opt/ros/jazzy/opt/gz_cmake_vendor PYTHONPATH=/root/ros_workspace/build/obstacle_fusion/prefix_override:/usr/lib/python3/dist-packages/colcon_core/task/python/colcon_distutils_commands:/root/ros_workspace/install/obstacle_fusion/lib/python3.12/site-packages:/root/ros_workspace/install/dynamic_obstacle_detector_interfaces/lib/python3.12/site-packages:/root/ros_workspace/install/slam_multi_robot/lib/python3.12/site-packages:/root/ros_workspace/install/obstacle_fusion/lib/python3.12/site-packages:/root/ros_workspace/install/multi_robot_bringup/lib/python3.12/site-packages:/root/ros_workspace/install/merging_pkg/lib/python3.12/site-packages:/root/ros_workspace/install/dynamic_obstacle_detector/lib/python3.12/site-packages:/opt/ros/jazzy/lib/python3.12/site-packages /usr/bin/python3 -W ignore:setup.py install is deprecated -W ignore:easy_install command is deprecated setup.py egg_info --egg-base ../../build/obstacle_fusion build --build-base /root/ros_workspace/build/obstacle_fusion/build install --record /root/ros_workspace/build/obstacle_fusion/install.log --single-version-externally-managed install_data
