[0.635s] Invoking command in '/root/ros_workspace/src/merging_pkg': PYTHONPATH=/root/ros_workspace/build/merging_pkg/prefix_override:/usr/lib/python3/dist-packages/colcon_core/task/python/colcon_distutils_commands:/root/ros_workspace/install/merging_pkg/lib/python3.12/site-packages:${PYTHONPATH} /usr/bin/python3 -W ignore:setup.py install is deprecated -W ignore:easy_install command is deprecated setup.py egg_info --egg-base ../../build/merging_pkg build --build-base /root/ros_workspace/build/merging_pkg/build install --record /root/ros_workspace/build/merging_pkg/install.log --single-version-externally-managed install_data
[0.788s] running egg_info
[0.788s] creating ../../build/merging_pkg/merging_pkg.egg-info
[0.797s] writing ../../build/merging_pkg/merging_pkg.egg-info/PKG-INFO
[0.797s] writing dependency_links to ../../build/merging_pkg/merging_pkg.egg-info/dependency_links.txt
[0.797s] writing entry points to ../../build/merging_pkg/merging_pkg.egg-info/entry_points.txt
[0.798s] writing requirements to ../../build/merging_pkg/merging_pkg.egg-info/requires.txt
[0.798s] writing top-level names to ../../build/merging_pkg/merging_pkg.egg-info/top_level.txt
[0.798s] writing manifest file '../../build/merging_pkg/merging_pkg.egg-info/SOURCES.txt'
[0.819s] reading manifest file '../../build/merging_pkg/merging_pkg.egg-info/SOURCES.txt'
[0.820s] writing manifest file '../../build/merging_pkg/merging_pkg.egg-info/SOURCES.txt'
[0.820s] running build
[0.820s] running build_py
[0.820s] creating /root/ros_workspace/build/merging_pkg/build
[0.820s] creating /root/ros_workspace/build/merging_pkg/build/lib
[0.820s] creating /root/ros_workspace/build/merging_pkg/build/lib/merging_pkg
[0.820s] copying merging_pkg/robust_map_merger.py -> /root/ros_workspace/build/merging_pkg/build/lib/merging_pkg
[0.821s] copying merging_pkg/__init__.py -> /root/ros_workspace/build/merging_pkg/build/lib/merging_pkg
[0.821s] copying merging_pkg/robot_laser_filter.py -> /root/ros_workspace/build/merging_pkg/build/lib/merging_pkg
[0.821s] running install
[0.825s] running install_lib
[0.834s] creating /root/ros_workspace/install/merging_pkg/lib/python3.12/site-packages/merging_pkg
[0.835s] copying /root/ros_workspace/build/merging_pkg/build/lib/merging_pkg/robust_map_merger.py -> /root/ros_workspace/install/merging_pkg/lib/python3.12/site-packages/merging_pkg
[0.835s] copying /root/ros_workspace/build/merging_pkg/build/lib/merging_pkg/__init__.py -> /root/ros_workspace/install/merging_pkg/lib/python3.12/site-packages/merging_pkg
[0.835s] copying /root/ros_workspace/build/merging_pkg/build/lib/merging_pkg/robot_laser_filter.py -> /root/ros_workspace/install/merging_pkg/lib/python3.12/site-packages/merging_pkg
[0.835s] byte-compiling /root/ros_workspace/install/merging_pkg/lib/python3.12/site-packages/merging_pkg/robust_map_merger.py to robust_map_merger.cpython-312.pyc
[0.838s] byte-compiling /root/ros_workspace/install/merging_pkg/lib/python3.12/site-packages/merging_pkg/__init__.py to __init__.cpython-312.pyc
[0.838s] byte-compiling /root/ros_workspace/install/merging_pkg/lib/python3.12/site-packages/merging_pkg/robot_laser_filter.py to robot_laser_filter.cpython-312.pyc
[0.840s] running install_data
[0.840s] creating /root/ros_workspace/install/merging_pkg/share/ament_index
[0.840s] creating /root/ros_workspace/install/merging_pkg/share/ament_index/resource_index
[0.840s] creating /root/ros_workspace/install/merging_pkg/share/ament_index/resource_index/packages
[0.841s] copying resource/merging_pkg -> /root/ros_workspace/install/merging_pkg/share/ament_index/resource_index/packages
[0.841s] copying package.xml -> /root/ros_workspace/install/merging_pkg/share/merging_pkg
[0.841s] creating /root/ros_workspace/install/merging_pkg/share/merging_pkg/launch
[0.841s] copying launch/laser_filters.launch.py -> /root/ros_workspace/install/merging_pkg/share/merging_pkg/launch
[0.841s] copying launch/map_merging.launch.py -> /root/ros_workspace/install/merging_pkg/share/merging_pkg/launch
[0.841s] running install_egg_info
[0.851s] Copying ../../build/merging_pkg/merging_pkg.egg-info to /root/ros_workspace/install/merging_pkg/lib/python3.12/site-packages/merging_pkg-0.0.0-py3.12.egg-info
[0.852s] running install_scripts
[0.921s] Installing merger_node script to /root/ros_workspace/install/merging_pkg/lib/merging_pkg
[0.921s] Installing robot_laser_filter script to /root/ros_workspace/install/merging_pkg/lib/merging_pkg
[0.922s] writing list of installed files to '/root/ros_workspace/build/merging_pkg/install.log'
[0.956s] Invoked command in '/root/ros_workspace/src/merging_pkg' returned '0': PYTHONPATH=/root/ros_workspace/build/merging_pkg/prefix_override:/usr/lib/python3/dist-packages/colcon_core/task/python/colcon_distutils_commands:/root/ros_workspace/install/merging_pkg/lib/python3.12/site-packages:${PYTHONPATH} /usr/bin/python3 -W ignore:setup.py install is deprecated -W ignore:easy_install command is deprecated setup.py egg_info --egg-base ../../build/merging_pkg build --build-base /root/ros_workspace/build/merging_pkg/build install --record /root/ros_workspace/build/merging_pkg/install.log --single-version-externally-managed install_data
