[0.928s] Invoking command in '/root/ros_workspace/src/merging_pkg': PYTHONPATH=/root/ros_workspace/build/merging_pkg/prefix_override:/usr/lib/python3/dist-packages/colcon_core/task/python/colcon_distutils_commands:/root/ros_workspace/install/merging_pkg/lib/python3.12/site-packages:${PYTHONPATH} /usr/bin/python3 -W ignore:setup.py install is deprecated -W ignore:easy_install command is deprecated setup.py egg_info --egg-base ../../build/merging_pkg build --build-base /root/ros_workspace/build/merging_pkg/build install --record /root/ros_workspace/build/merging_pkg/install.log --single-version-externally-managed install_data
[1.133s] running egg_info
[1.144s] writing ../../build/merging_pkg/merging_pkg.egg-info/PKG-INFO
[1.145s] writing dependency_links to ../../build/merging_pkg/merging_pkg.egg-info/dependency_links.txt
[1.145s] writing entry points to ../../build/merging_pkg/merging_pkg.egg-info/entry_points.txt
[1.145s] writing requirements to ../../build/merging_pkg/merging_pkg.egg-info/requires.txt
[1.145s] writing top-level names to ../../build/merging_pkg/merging_pkg.egg-info/top_level.txt
[1.169s] reading manifest file '../../build/merging_pkg/merging_pkg.egg-info/SOURCES.txt'
[1.170s] writing manifest file '../../build/merging_pkg/merging_pkg.egg-info/SOURCES.txt'
[1.170s] running build
[1.170s] running build_py
[1.170s] running install
[1.175s] running install_lib
[1.187s] running install_data
[1.187s] running install_egg_info
[1.203s] removing '/root/ros_workspace/install/merging_pkg/lib/python3.12/site-packages/merging_pkg-0.0.0-py3.12.egg-info' (and everything under it)
[1.203s] Copying ../../build/merging_pkg/merging_pkg.egg-info to /root/ros_workspace/install/merging_pkg/lib/python3.12/site-packages/merging_pkg-0.0.0-py3.12.egg-info
[1.204s] running install_scripts
[1.301s] Installing merger_node script to /root/ros_workspace/install/merging_pkg/lib/merging_pkg
[1.301s] Installing robot_laser_filter script to /root/ros_workspace/install/merging_pkg/lib/merging_pkg
[1.302s] writing list of installed files to '/root/ros_workspace/build/merging_pkg/install.log'
[1.364s] Invoked command in '/root/ros_workspace/src/merging_pkg' returned '0': PYTHONPATH=/root/ros_workspace/build/merging_pkg/prefix_override:/usr/lib/python3/dist-packages/colcon_core/task/python/colcon_distutils_commands:/root/ros_workspace/install/merging_pkg/lib/python3.12/site-packages:${PYTHONPATH} /usr/bin/python3 -W ignore:setup.py install is deprecated -W ignore:easy_install command is deprecated setup.py egg_info --egg-base ../../build/merging_pkg build --build-base /root/ros_workspace/build/merging_pkg/build install --record /root/ros_workspace/build/merging_pkg/install.log --single-version-externally-managed install_data
