[0.743s] Invoking command in '/root/ros_workspace/src/merging_pkg': PYTHONPATH=/root/ros_workspace/build/merging_pkg/prefix_override:/usr/lib/python3/dist-packages/colcon_core/task/python/colcon_distutils_commands:/root/ros_workspace/install/merging_pkg/lib/python3.12/site-packages:${PYTHONPATH} /usr/bin/python3 -W ignore:setup.py install is deprecated -W ignore:easy_install command is deprecated setup.py egg_info --egg-base ../../build/merging_pkg build --build-base /root/ros_workspace/build/merging_pkg/build install --record /root/ros_workspace/build/merging_pkg/install.log --single-version-externally-managed install_data
[0.899s] running egg_info
[0.909s] writing ../../build/merging_pkg/merging_pkg.egg-info/PKG-INFO
[0.909s] writing dependency_links to ../../build/merging_pkg/merging_pkg.egg-info/dependency_links.txt
[0.910s] writing entry points to ../../build/merging_pkg/merging_pkg.egg-info/entry_points.txt
[0.910s] writing requirements to ../../build/merging_pkg/merging_pkg.egg-info/requires.txt
[0.910s] writing top-level names to ../../build/merging_pkg/merging_pkg.egg-info/top_level.txt
[0.929s] reading manifest file '../../build/merging_pkg/merging_pkg.egg-info/SOURCES.txt'
[0.931s] writing manifest file '../../build/merging_pkg/merging_pkg.egg-info/SOURCES.txt'
[0.931s] running build
[0.932s] running build_py
[0.932s] running install
[0.936s] running install_lib
[0.947s] running install_data
[0.947s] running install_egg_info
[0.957s] removing '/root/ros_workspace/install/merging_pkg/lib/python3.12/site-packages/merging_pkg-0.0.0-py3.12.egg-info' (and everything under it)
[0.957s] Copying ../../build/merging_pkg/merging_pkg.egg-info to /root/ros_workspace/install/merging_pkg/lib/python3.12/site-packages/merging_pkg-0.0.0-py3.12.egg-info
[0.958s] running install_scripts
[1.032s] Installing merger_node script to /root/ros_workspace/install/merging_pkg/lib/merging_pkg
[1.033s] Installing robot_laser_filter script to /root/ros_workspace/install/merging_pkg/lib/merging_pkg
[1.033s] writing list of installed files to '/root/ros_workspace/build/merging_pkg/install.log'
[1.077s] Invoked command in '/root/ros_workspace/src/merging_pkg' returned '0': PYTHONPATH=/root/ros_workspace/build/merging_pkg/prefix_override:/usr/lib/python3/dist-packages/colcon_core/task/python/colcon_distutils_commands:/root/ros_workspace/install/merging_pkg/lib/python3.12/site-packages:${PYTHONPATH} /usr/bin/python3 -W ignore:setup.py install is deprecated -W ignore:easy_install command is deprecated setup.py egg_info --egg-base ../../build/merging_pkg build --build-base /root/ros_workspace/build/merging_pkg/build install --record /root/ros_workspace/build/merging_pkg/install.log --single-version-externally-managed install_data
