/root/ros_workspace/install/slam_multi_robot/lib/python3.12/site-packages/multi_robot_scripts/__init__.py
/root/ros_workspace/install/slam_multi_robot/lib/python3.12/site-packages/multi_robot_scripts/utils.py
/root/ros_workspace/install/slam_multi_robot/lib/python3.12/site-packages/slam_multi_robot/__init__.py
/root/ros_workspace/install/slam_multi_robot/lib/python3.12/site-packages/multi_robot_scripts/__pycache__/__init__.cpython-312.pyc
/root/ros_workspace/install/slam_multi_robot/lib/python3.12/site-packages/multi_robot_scripts/__pycache__/utils.cpython-312.pyc
/root/ros_workspace/install/slam_multi_robot/lib/python3.12/site-packages/slam_multi_robot/__pycache__/__init__.cpython-312.pyc
/root/ros_workspace/install/slam_multi_robot/share/ament_index/resource_index/packages/slam_multi_robot
/root/ros_workspace/install/slam_multi_robot/share/slam_multi_robot/package.xml
/root/ros_workspace/install/slam_multi_robot/share/slam_multi_robot/launch/tb3_slam.launch.py
/root/ros_workspace/install/slam_multi_robot/share/slam_multi_robot/launch/navigation.launch.py
/root/ros_workspace/install/slam_multi_robot/share/slam_multi_robot/launch/general_bringup.launch.py
/root/ros_workspace/install/slam_multi_robot/share/slam_multi_robot/launch/tb4_slam.launch.py
/root/ros_workspace/install/slam_multi_robot/share/slam_multi_robot/launch/gazebo_world.launch.py
/root/ros_workspace/install/slam_multi_robot/share/slam_multi_robot/launch/tb2_slam.launch.py
/root/ros_workspace/install/slam_multi_robot/share/slam_multi_robot/launch/static_transform.launch.py
/root/ros_workspace/install/slam_multi_robot/share/slam_multi_robot/launch/slam_bringup.launch.py
/root/ros_workspace/install/slam_multi_robot/share/slam_multi_robot/launch/tb1_slam.launch.py
/root/ros_workspace/install/slam_multi_robot/share/slam_multi_robot/params/tb4_slam.yaml
/root/ros_workspace/install/slam_multi_robot/share/slam_multi_robot/params/params_nav_tb1.yaml
/root/ros_workspace/install/slam_multi_robot/share/slam_multi_robot/params/tb1_slam.yaml
/root/ros_workspace/install/slam_multi_robot/share/slam_multi_robot/params/mapper_params_online_async.yaml
/root/ros_workspace/install/slam_multi_robot/share/slam_multi_robot/params/tb2_slam.yaml
/root/ros_workspace/install/slam_multi_robot/share/slam_multi_robot/params/tb3_slam.yaml
/root/ros_workspace/install/slam_multi_robot/share/slam_multi_robot/params/general_slam_params.yaml
/root/ros_workspace/install/slam_multi_robot/share/slam_multi_robot/rviz/tb3_navigation2.rviz
/root/ros_workspace/install/slam_multi_robot/share/slam_multi_robot/config/robots.yaml
/root/ros_workspace/install/slam_multi_robot/share/slam_multi_robot/config/gz_bridge.yaml
/root/ros_workspace/install/slam_multi_robot/share/slam_multi_robot/config
/root/ros_workspace/install/slam_multi_robot/share/slam_multi_robot/map
/root/ros_workspace/install/slam_multi_robot/share/slam_multi_robot/launch/nav2_custom
/root/ros_workspace/install/slam_multi_robot/lib/python3.12/site-packages/slam_multi_robot-0.0.0-py3.12.egg-info/zip-safe
/root/ros_workspace/install/slam_multi_robot/lib/python3.12/site-packages/slam_multi_robot-0.0.0-py3.12.egg-info/requires.txt
/root/ros_workspace/install/slam_multi_robot/lib/python3.12/site-packages/slam_multi_robot-0.0.0-py3.12.egg-info/SOURCES.txt
/root/ros_workspace/install/slam_multi_robot/lib/python3.12/site-packages/slam_multi_robot-0.0.0-py3.12.egg-info/top_level.txt
/root/ros_workspace/install/slam_multi_robot/lib/python3.12/site-packages/slam_multi_robot-0.0.0-py3.12.egg-info/PKG-INFO
/root/ros_workspace/install/slam_multi_robot/lib/python3.12/site-packages/slam_multi_robot-0.0.0-py3.12.egg-info/dependency_links.txt
