running egg_info
creating ../../build/merging_pkg/merging_pkg.egg-info
writing ../../build/merging_pkg/merging_pkg.egg-info/PKG-INFO
writing dependency_links to ../../build/merging_pkg/merging_pkg.egg-info/dependency_links.txt
writing entry points to ../../build/merging_pkg/merging_pkg.egg-info/entry_points.txt
writing requirements to ../../build/merging_pkg/merging_pkg.egg-info/requires.txt
writing top-level names to ../../build/merging_pkg/merging_pkg.egg-info/top_level.txt
writing manifest file '../../build/merging_pkg/merging_pkg.egg-info/SOURCES.txt'
reading manifest file '../../build/merging_pkg/merging_pkg.egg-info/SOURCES.txt'
writing manifest file '../../build/merging_pkg/merging_pkg.egg-info/SOURCES.txt'
running build
running build_py
creating /root/ros_workspace/build/merging_pkg/build
creating /root/ros_workspace/build/merging_pkg/build/lib
creating /root/ros_workspace/build/merging_pkg/build/lib/merging_pkg
copying merging_pkg/robust_map_merger.py -> /root/ros_workspace/build/merging_pkg/build/lib/merging_pkg
copying merging_pkg/__init__.py -> /root/ros_workspace/build/merging_pkg/build/lib/merging_pkg
copying merging_pkg/robot_laser_filter.py -> /root/ros_workspace/build/merging_pkg/build/lib/merging_pkg
running install
running install_lib
creating /root/ros_workspace/install/merging_pkg/lib/python3.12/site-packages/merging_pkg
copying /root/ros_workspace/build/merging_pkg/build/lib/merging_pkg/robust_map_merger.py -> /root/ros_workspace/install/merging_pkg/lib/python3.12/site-packages/merging_pkg
copying /root/ros_workspace/build/merging_pkg/build/lib/merging_pkg/__init__.py -> /root/ros_workspace/install/merging_pkg/lib/python3.12/site-packages/merging_pkg
copying /root/ros_workspace/build/merging_pkg/build/lib/merging_pkg/robot_laser_filter.py -> /root/ros_workspace/install/merging_pkg/lib/python3.12/site-packages/merging_pkg
byte-compiling /root/ros_workspace/install/merging_pkg/lib/python3.12/site-packages/merging_pkg/robust_map_merger.py to robust_map_merger.cpython-312.pyc
byte-compiling /root/ros_workspace/install/merging_pkg/lib/python3.12/site-packages/merging_pkg/__init__.py to __init__.cpython-312.pyc
byte-compiling /root/ros_workspace/install/merging_pkg/lib/python3.12/site-packages/merging_pkg/robot_laser_filter.py to robot_laser_filter.cpython-312.pyc
running install_data
creating /root/ros_workspace/install/merging_pkg/share/ament_index
creating /root/ros_workspace/install/merging_pkg/share/ament_index/resource_index
creating /root/ros_workspace/install/merging_pkg/share/ament_index/resource_index/packages
copying resource/merging_pkg -> /root/ros_workspace/install/merging_pkg/share/ament_index/resource_index/packages
copying package.xml -> /root/ros_workspace/install/merging_pkg/share/merging_pkg
creating /root/ros_workspace/install/merging_pkg/share/merging_pkg/launch
copying launch/laser_filters.launch.py -> /root/ros_workspace/install/merging_pkg/share/merging_pkg/launch
copying launch/map_merging.launch.py -> /root/ros_workspace/install/merging_pkg/share/merging_pkg/launch
running install_egg_info
Copying ../../build/merging_pkg/merging_pkg.egg-info to /root/ros_workspace/install/merging_pkg/lib/python3.12/site-packages/merging_pkg-0.0.0-py3.12.egg-info
running install_scripts
Installing merger_node script to /root/ros_workspace/install/merging_pkg/lib/merging_pkg
Installing robot_laser_filter script to /root/ros_workspace/install/merging_pkg/lib/merging_pkg
writing list of installed files to '/root/ros_workspace/build/merging_pkg/install.log'
