[0.902s] Invoking command in '/root/ros_workspace/src/merging_pkg': PYTHONPATH=/root/ros_workspace/build/merging_pkg/prefix_override:/usr/lib/python3/dist-packages/colcon_core/task/python/colcon_distutils_commands:/root/ros_workspace/install/merging_pkg/lib/python3.12/site-packages:${PYTHONPATH} /usr/bin/python3 -W ignore:setup.py install is deprecated -W ignore:easy_install command is deprecated setup.py egg_info --egg-base ../../build/merging_pkg build --build-base /root/ros_workspace/build/merging_pkg/build install --record /root/ros_workspace/build/merging_pkg/install.log --single-version-externally-managed install_data
[1.060s] running egg_info
[1.060s] creating ../../build/merging_pkg/merging_pkg.egg-info
[1.070s] writing ../../build/merging_pkg/merging_pkg.egg-info/PKG-INFO
[1.070s] writing dependency_links to ../../build/merging_pkg/merging_pkg.egg-info/dependency_links.txt
[1.070s] writing entry points to ../../build/merging_pkg/merging_pkg.egg-info/entry_points.txt
[1.070s] writing requirements to ../../build/merging_pkg/merging_pkg.egg-info/requires.txt
[1.070s] writing top-level names to ../../build/merging_pkg/merging_pkg.egg-info/top_level.txt
[1.071s] writing manifest file '../../build/merging_pkg/merging_pkg.egg-info/SOURCES.txt'
[1.089s] reading manifest file '../../build/merging_pkg/merging_pkg.egg-info/SOURCES.txt'
[1.089s] writing manifest file '../../build/merging_pkg/merging_pkg.egg-info/SOURCES.txt'
[1.090s] running build
[1.090s] running build_py
[1.090s] creating /root/ros_workspace/build/merging_pkg/build
[1.090s] creating /root/ros_workspace/build/merging_pkg/build/lib
[1.090s] creating /root/ros_workspace/build/merging_pkg/build/lib/merging_pkg
[1.091s] copying merging_pkg/robust_map_merger.py -> /root/ros_workspace/build/merging_pkg/build/lib/merging_pkg
[1.091s] copying merging_pkg/__init__.py -> /root/ros_workspace/build/merging_pkg/build/lib/merging_pkg
[1.091s] copying merging_pkg/robot_laser_filter.py -> /root/ros_workspace/build/merging_pkg/build/lib/merging_pkg
[1.092s] running install
[1.096s] running install_lib
[1.106s] creating /root/ros_workspace/install/merging_pkg/lib/python3.12/site-packages/merging_pkg
[1.106s] copying /root/ros_workspace/build/merging_pkg/build/lib/merging_pkg/robust_map_merger.py -> /root/ros_workspace/install/merging_pkg/lib/python3.12/site-packages/merging_pkg
[1.106s] copying /root/ros_workspace/build/merging_pkg/build/lib/merging_pkg/__init__.py -> /root/ros_workspace/install/merging_pkg/lib/python3.12/site-packages/merging_pkg
[1.106s] copying /root/ros_workspace/build/merging_pkg/build/lib/merging_pkg/robot_laser_filter.py -> /root/ros_workspace/install/merging_pkg/lib/python3.12/site-packages/merging_pkg
[1.107s] byte-compiling /root/ros_workspace/install/merging_pkg/lib/python3.12/site-packages/merging_pkg/robust_map_merger.py to robust_map_merger.cpython-312.pyc
[1.110s] byte-compiling /root/ros_workspace/install/merging_pkg/lib/python3.12/site-packages/merging_pkg/__init__.py to __init__.cpython-312.pyc
[1.110s] byte-compiling /root/ros_workspace/install/merging_pkg/lib/python3.12/site-packages/merging_pkg/robot_laser_filter.py to robot_laser_filter.cpython-312.pyc
[1.112s] running install_data
[1.112s] creating /root/ros_workspace/install/merging_pkg/share/ament_index
[1.112s] creating /root/ros_workspace/install/merging_pkg/share/ament_index/resource_index
[1.112s] creating /root/ros_workspace/install/merging_pkg/share/ament_index/resource_index/packages
[1.113s] copying resource/merging_pkg -> /root/ros_workspace/install/merging_pkg/share/ament_index/resource_index/packages
[1.113s] copying package.xml -> /root/ros_workspace/install/merging_pkg/share/merging_pkg
[1.113s] creating /root/ros_workspace/install/merging_pkg/share/merging_pkg/launch
[1.113s] copying launch/laser_filters.launch.py -> /root/ros_workspace/install/merging_pkg/share/merging_pkg/launch
[1.114s] copying launch/map_merging.launch.py -> /root/ros_workspace/install/merging_pkg/share/merging_pkg/launch
[1.114s] running install_egg_info
[1.127s] Copying ../../build/merging_pkg/merging_pkg.egg-info to /root/ros_workspace/install/merging_pkg/lib/python3.12/site-packages/merging_pkg-0.0.0-py3.12.egg-info
[1.128s] running install_scripts
[1.200s] Installing merger_node script to /root/ros_workspace/install/merging_pkg/lib/merging_pkg
[1.200s] Installing robot_laser_filter script to /root/ros_workspace/install/merging_pkg/lib/merging_pkg
[1.200s] writing list of installed files to '/root/ros_workspace/build/merging_pkg/install.log'
[1.252s] Invoked command in '/root/ros_workspace/src/merging_pkg' returned '0': PYTHONPATH=/root/ros_workspace/build/merging_pkg/prefix_override:/usr/lib/python3/dist-packages/colcon_core/task/python/colcon_distutils_commands:/root/ros_workspace/install/merging_pkg/lib/python3.12/site-packages:${PYTHONPATH} /usr/bin/python3 -W ignore:setup.py install is deprecated -W ignore:easy_install command is deprecated setup.py egg_info --egg-base ../../build/merging_pkg build --build-base /root/ros_workspace/build/merging_pkg/build install --record /root/ros_workspace/build/merging_pkg/install.log --single-version-externally-managed install_data
