[0.652s] Invoking command in '/root/ros_workspace/src/multi_robot_bringup': AMENT_PREFIX_PATH=/root/ros_workspace/install/dynamic_obstacle_detector:/root/ros_workspace/install/turtlebot3_gazebo:/root/ros_workspace/install/slam_multi_robot:/root/ros_workspace/install/obstacle_fusion:/root/ros_workspace/install/multi_robot_bringup:/root/ros_workspace/install/merging_pkg:/root/ros_workspace/install/dynamic_obstacle_detector_interfaces:/opt/ros/jazzy PYTHONPATH=/root/ros_workspace/build/multi_robot_bringup/prefix_override:/usr/lib/python3/dist-packages/colcon_core/task/python/colcon_distutils_commands:/root/ros_workspace/install/multi_robot_bringup/lib/python3.12/site-packages:/root/ros_workspace/install/dynamic_obstacle_detector/lib/python3.12/site-packages:/root/ros_workspace/install/slam_multi_robot/lib/python3.12/site-packages:/root/ros_workspace/install/obstacle_fusion/lib/python3.12/site-packages:/root/ros_workspace/install/multi_robot_bringup/lib/python3.12/site-packages:/root/ros_workspace/install/merging_pkg/lib/python3.12/site-packages:/root/ros_workspace/install/dynamic_obstacle_detector_interfaces/lib/python3.12/site-packages:/opt/ros/jazzy/lib/python3.12/site-packages /usr/bin/python3 -W ignore:setup.py install is deprecated -W ignore:easy_install command is deprecated setup.py egg_info --egg-base ../../build/multi_robot_bringup build --build-base /root/ros_workspace/build/multi_robot_bringup/build install --record /root/ros_workspace/build/multi_robot_bringup/install.log --single-version-externally-managed install_data
[0.816s] running egg_info
[0.817s] creating ../../build/multi_robot_bringup/multi_robot_bringup.egg-info
[0.826s] writing ../../build/multi_robot_bringup/multi_robot_bringup.egg-info/PKG-INFO
[0.826s] writing dependency_links to ../../build/multi_robot_bringup/multi_robot_bringup.egg-info/dependency_links.txt
[0.827s] writing requirements to ../../build/multi_robot_bringup/multi_robot_bringup.egg-info/requires.txt
[0.827s] writing top-level names to ../../build/multi_robot_bringup/multi_robot_bringup.egg-info/top_level.txt
[0.827s] writing manifest file '../../build/multi_robot_bringup/multi_robot_bringup.egg-info/SOURCES.txt'
[0.846s] reading manifest file '../../build/multi_robot_bringup/multi_robot_bringup.egg-info/SOURCES.txt'
[0.847s] writing manifest file '../../build/multi_robot_bringup/multi_robot_bringup.egg-info/SOURCES.txt'
[0.847s] running build
[0.847s] running build_py
[0.847s] creating /root/ros_workspace/build/multi_robot_bringup/build
[0.847s] creating /root/ros_workspace/build/multi_robot_bringup/build/lib
[0.847s] creating /root/ros_workspace/build/multi_robot_bringup/build/lib/multi_robot_scripts
[0.847s] copying multi_robot_scripts/__init__.py -> /root/ros_workspace/build/multi_robot_bringup/build/lib/multi_robot_scripts
[0.848s] copying multi_robot_scripts/utils.py -> /root/ros_workspace/build/multi_robot_bringup/build/lib/multi_robot_scripts
[0.848s] creating /root/ros_workspace/build/multi_robot_bringup/build/lib/multi_robot_bringup
[0.848s] copying multi_robot_bringup/__init__.py -> /root/ros_workspace/build/multi_robot_bringup/build/lib/multi_robot_bringup
[0.849s] running install
[0.853s] running install_lib
[0.863s] creating /root/ros_workspace/install/multi_robot_bringup/lib/python3.12/site-packages/multi_robot_scripts
[0.864s] copying /root/ros_workspace/build/multi_robot_bringup/build/lib/multi_robot_scripts/__init__.py -> /root/ros_workspace/install/multi_robot_bringup/lib/python3.12/site-packages/multi_robot_scripts
[0.864s] copying /root/ros_workspace/build/multi_robot_bringup/build/lib/multi_robot_scripts/utils.py -> /root/ros_workspace/install/multi_robot_bringup/lib/python3.12/site-packages/multi_robot_scripts
[0.864s] creating /root/ros_workspace/install/multi_robot_bringup/lib/python3.12/site-packages/multi_robot_bringup
[0.865s] copying /root/ros_workspace/build/multi_robot_bringup/build/lib/multi_robot_bringup/__init__.py -> /root/ros_workspace/install/multi_robot_bringup/lib/python3.12/site-packages/multi_robot_bringup
[0.865s] byte-compiling /root/ros_workspace/install/multi_robot_bringup/lib/python3.12/site-packages/multi_robot_scripts/__init__.py to __init__.cpython-312.pyc
[0.866s] byte-compiling /root/ros_workspace/install/multi_robot_bringup/lib/python3.12/site-packages/multi_robot_scripts/utils.py to utils.cpython-312.pyc
[0.867s] byte-compiling /root/ros_workspace/install/multi_robot_bringup/lib/python3.12/site-packages/multi_robot_bringup/__init__.py to __init__.cpython-312.pyc
[0.868s] running install_data
[0.868s] creating /root/ros_workspace/install/multi_robot_bringup/share/ament_index
[0.868s] creating /root/ros_workspace/install/multi_robot_bringup/share/ament_index/resource_index
[0.869s] creating /root/ros_workspace/install/multi_robot_bringup/share/ament_index/resource_index/packages
[0.869s] copying resource/multi_robot_bringup -> /root/ros_workspace/install/multi_robot_bringup/share/ament_index/resource_index/packages
[0.869s] copying package.xml -> /root/ros_workspace/install/multi_robot_bringup/share/multi_robot_bringup
[0.869s] creating /root/ros_workspace/install/multi_robot_bringup/share/multi_robot_bringup/launch
[0.870s] copying launch/tb3_world.launch.py -> /root/ros_workspace/install/multi_robot_bringup/share/multi_robot_bringup/launch
[0.871s] copying launch/tb3_nav2.launch.py -> /root/ros_workspace/install/multi_robot_bringup/share/multi_robot_bringup/launch
[0.871s] creating /root/ros_workspace/install/multi_robot_bringup/share/multi_robot_bringup/params
[0.871s] copying params/burger_nav2_params.yaml -> /root/ros_workspace/install/multi_robot_bringup/share/multi_robot_bringup/params
[0.872s] creating /root/ros_workspace/install/multi_robot_bringup/share/multi_robot_bringup/rviz
[0.872s] copying rviz/tb3_navigation2.rviz -> /root/ros_workspace/install/multi_robot_bringup/share/multi_robot_bringup/rviz
[0.873s] creating /root/ros_workspace/install/multi_robot_bringup/share/multi_robot_bringup/config
[0.873s] copying config/robots.yaml -> /root/ros_workspace/install/multi_robot_bringup/share/multi_robot_bringup/config
[0.873s] creating /root/ros_workspace/install/multi_robot_bringup/share/multi_robot_bringup/map
[0.873s] copying map/map.yaml -> /root/ros_workspace/install/multi_robot_bringup/share/multi_robot_bringup/map
[0.874s] copying map/map2.yaml -> /root/ros_workspace/install/multi_robot_bringup/share/multi_robot_bringup/map
[0.874s] copying map/map2.pgm -> /root/ros_workspace/install/multi_robot_bringup/share/multi_robot_bringup/map
[0.875s] copying map/map.pgm -> /root/ros_workspace/install/multi_robot_bringup/share/multi_robot_bringup/map
[0.876s] creating /root/ros_workspace/install/multi_robot_bringup/share/multi_robot_bringup/launch/nav2_custom
[0.876s] running install_egg_info
[0.887s] Copying ../../build/multi_robot_bringup/multi_robot_bringup.egg-info to /root/ros_workspace/install/multi_robot_bringup/lib/python3.12/site-packages/multi_robot_bringup-0.0.0-py3.12.egg-info
[0.888s] running install_scripts
[0.965s] writing list of installed files to '/root/ros_workspace/build/multi_robot_bringup/install.log'
[0.991s] Invoked command in '/root/ros_workspace/src/multi_robot_bringup' returned '0': AMENT_PREFIX_PATH=/root/ros_workspace/install/dynamic_obstacle_detector:/root/ros_workspace/install/turtlebot3_gazebo:/root/ros_workspace/install/slam_multi_robot:/root/ros_workspace/install/obstacle_fusion:/root/ros_workspace/install/multi_robot_bringup:/root/ros_workspace/install/merging_pkg:/root/ros_workspace/install/dynamic_obstacle_detector_interfaces:/opt/ros/jazzy PYTHONPATH=/root/ros_workspace/build/multi_robot_bringup/prefix_override:/usr/lib/python3/dist-packages/colcon_core/task/python/colcon_distutils_commands:/root/ros_workspace/install/multi_robot_bringup/lib/python3.12/site-packages:/root/ros_workspace/install/dynamic_obstacle_detector/lib/python3.12/site-packages:/root/ros_workspace/install/slam_multi_robot/lib/python3.12/site-packages:/root/ros_workspace/install/obstacle_fusion/lib/python3.12/site-packages:/root/ros_workspace/install/multi_robot_bringup/lib/python3.12/site-packages:/root/ros_workspace/install/merging_pkg/lib/python3.12/site-packages:/root/ros_workspace/install/dynamic_obstacle_detector_interfaces/lib/python3.12/site-packages:/opt/ros/jazzy/lib/python3.12/site-packages /usr/bin/python3 -W ignore:setup.py install is deprecated -W ignore:easy_install command is deprecated setup.py egg_info --egg-base ../../build/multi_robot_bringup build --build-base /root/ros_workspace/build/multi_robot_bringup/build install --record /root/ros_workspace/build/multi_robot_bringup/install.log --single-version-externally-managed install_data
